{"C:\\Users\\mahla\\critical_projects\\smartClinic\\smartClinic\\server.js": {"path":"C:\\Users\\mahla\\critical_projects\\smartClinic\\smartClinic\\server.js","statementMap":{"0":{"start":{"line":1,"column":16},"end":{"line":1,"column":34}},"1":{"start":{"line":2,"column":13},"end":{"line":2,"column":28}},"2":{"start":{"line":3,"column":13},"end":{"line":3,"column":28}},"3":{"start":{"line":5,"column":0},"end":{"line":5,"column":27}},"4":{"start":{"line":6,"column":12},"end":{"line":6,"column":21}},"5":{"start":{"line":7,"column":13},"end":{"line":7,"column":37}},"6":{"start":{"line":9,"column":25},"end":{"line":9,"column":53}},"7":{"start":{"line":12,"column":0},"end":{"line":12,"column":16}},"8":{"start":{"line":13,"column":0},"end":{"line":13,"column":24}},"9":{"start":{"line":14,"column":0},"end":{"line":14,"column":56}},"10":{"start":{"line":16,"column":0},"end":{"line":18,"column":3}},"11":{"start":{"line":17,"column":4},"end":{"line":17,"column":63}},"12":{"start":{"line":19,"column":0},"end":{"line":19,"column":56}},"13":{"start":{"line":20,"column":0},"end":{"line":20,"column":16}},"14":{"start":{"line":22,"column":22},"end":{"line":22,"column":49}},"15":{"start":{"line":23,"column":0},"end":{"line":23,"column":39}},"16":{"start":{"line":25,"column":26},"end":{"line":25,"column":58}},"17":{"start":{"line":26,"column":0},"end":{"line":26,"column":35}},"18":{"start":{"line":28,"column":19},"end":{"line":28,"column":43}},"19":{"start":{"line":29,"column":0},"end":{"line":29,"column":33}},"20":{"start":{"line":31,"column":0},"end":{"line":35,"column":1}},"21":{"start":{"line":32,"column":4},"end":{"line":34,"column":7}},"22":{"start":{"line":33,"column":8},"end":{"line":33,"column":54}},"23":{"start":{"line":37,"column":0},"end":{"line":37,"column":34}},"24":{"start":{"line":39,"column":0},"end":{"line":39,"column":21}}},"fnMap":{"0":{"name":"(anonymous_0)","decl":{"start":{"line":16,"column":13},"end":{"line":16,"column":14}},"loc":{"start":{"line":16,"column":27},"end":{"line":18,"column":1}},"line":16},"1":{"name":"(anonymous_1)","decl":{"start":{"line":32,"column":21},"end":{"line":32,"column":22}},"loc":{"start":{"line":32,"column":27},"end":{"line":34,"column":5}},"line":32}},"branchMap":{"0":{"loc":{"start":{"line":7,"column":13},"end":{"line":7,"column":37}},"type":"binary-expr","locations":[{"start":{"line":7,"column":13},"end":{"line":7,"column":29}},{"start":{"line":7,"column":33},"end":{"line":7,"column":37}}],"line":7},"1":{"loc":{"start":{"line":31,"column":0},"end":{"line":35,"column":1}},"type":"if","locations":[{"start":{"line":31,"column":0},"end":{"line":35,"column":1}},{"start":{},"end":{}}],"line":31}},"s":{"0":1,"1":1,"2":1,"3":1,"4":1,"5":1,"6":1,"7":1,"8":1,"9":1,"10":1,"11":0,"12":1,"13":1,"14":1,"15":1,"16":1,"17":1,"18":1,"19":1,"20":1,"21":0,"22":0,"23":1,"24":1},"f":{"0":0,"1":0},"b":{"0":[1,1],"1":[0,1]},"_coverageSchema":"1a1c01bbd47fc00a2c39e90264f33305004495a9","hash":"0b1a8cf10cc438e33c5970bb2b15a3499154d591"}
,"C:\\Users\\mahla\\critical_projects\\smartClinic\\smartClinic\\Controllers\\ClinicsController.js": {"path":"C:\\Users\\mahla\\critical_projects\\smartClinic\\smartClinic\\Controllers\\ClinicsController.js","statementMap":{"0":{"start":{"line":1,"column":14},"end":{"line":1,"column":30}},"1":{"start":{"line":2,"column":59},"end":{"line":2,"column":97}},"2":{"start":{"line":3,"column":22},"end":{"line":3,"column":60}},"3":{"start":{"line":5,"column":0},"end":{"line":59,"column":2}},"4":{"start":{"line":6,"column":2},"end":{"line":58,"column":3}},"5":{"start":{"line":7,"column":41},"end":{"line":7,"column":49}},"6":{"start":{"line":8,"column":23},"end":{"line":8,"column":48}},"7":{"start":{"line":10,"column":4},"end":{"line":10,"column":106}},"8":{"start":{"line":12,"column":4},"end":{"line":14,"column":5}},"9":{"start":{"line":13,"column":6},"end":{"line":13,"column":105}},"10":{"start":{"line":16,"column":20},"end":{"line":16,"column":50}},"11":{"start":{"line":19,"column":4},"end":{"line":24,"column":5}},"12":{"start":{"line":20,"column":6},"end":{"line":20,"column":63}},"13":{"start":{"line":22,"column":6},"end":{"line":22,"column":61}},"14":{"start":{"line":23,"column":6},"end":{"line":23,"column":94}},"15":{"start":{"line":26,"column":16},"end":{"line":26,"column":32}},"16":{"start":{"line":27,"column":4},"end":{"line":27,"column":37}},"17":{"start":{"line":29,"column":4},"end":{"line":31,"column":5}},"18":{"start":{"line":30,"column":6},"end":{"line":30,"column":101}},"19":{"start":{"line":34,"column":22},"end":{"line":34,"column":72}},"20":{"start":{"line":35,"column":4},"end":{"line":37,"column":5}},"21":{"start":{"line":36,"column":8},"end":{"line":36,"column":85}},"22":{"start":{"line":39,"column":23},"end":{"line":39,"column":39}},"23":{"start":{"line":40,"column":4},"end":{"line":42,"column":5}},"24":{"start":{"line":41,"column":8},"end":{"line":41,"column":128}},"25":{"start":{"line":44,"column":4},"end":{"line":44,"column":63}},"26":{"start":{"line":46,"column":4},"end":{"line":50,"column":7}},"27":{"start":{"line":52,"column":4},"end":{"line":52,"column":57}},"28":{"start":{"line":53,"column":4},"end":{"line":57,"column":7}},"29":{"start":{"line":61,"column":0},"end":{"line":95,"column":2}},"30":{"start":{"line":62,"column":21},"end":{"line":62,"column":37}},"31":{"start":{"line":63,"column":19},"end":{"line":63,"column":32}},"32":{"start":{"line":64,"column":20},"end":{"line":64,"column":33}},"33":{"start":{"line":68,"column":2},"end":{"line":70,"column":3}},"34":{"start":{"line":69,"column":4},"end":{"line":69,"column":41}},"35":{"start":{"line":72,"column":2},"end":{"line":74,"column":3}},"36":{"start":{"line":73,"column":4},"end":{"line":73,"column":50}},"37":{"start":{"line":75,"column":2},"end":{"line":94,"column":3}},"38":{"start":{"line":76,"column":21},"end":{"line":88,"column":5}},"39":{"start":{"line":90,"column":4},"end":{"line":90,"column":28}},"40":{"start":{"line":92,"column":4},"end":{"line":92,"column":77}},"41":{"start":{"line":93,"column":4},"end":{"line":93,"column":62}},"42":{"start":{"line":97,"column":0},"end":{"line":111,"column":2}},"43":{"start":{"line":98,"column":2},"end":{"line":110,"column":3}},"44":{"start":{"line":99,"column":40},"end":{"line":99,"column":48}},"45":{"start":{"line":101,"column":4},"end":{"line":103,"column":5}},"46":{"start":{"line":102,"column":6},"end":{"line":102,"column":91}},"47":{"start":{"line":105,"column":19},"end":{"line":105,"column":72}},"48":{"start":{"line":106,"column":4},"end":{"line":106,"column":21}},"49":{"start":{"line":108,"column":4},"end":{"line":108,"column":58}},"50":{"start":{"line":109,"column":4},"end":{"line":109,"column":107}}},"fnMap":{"0":{"name":"(anonymous_0)","decl":{"start":{"line":5,"column":38},"end":{"line":5,"column":39}},"loc":{"start":{"line":5,"column":58},"end":{"line":59,"column":1}},"line":5},"1":{"name":"(anonymous_1)","decl":{"start":{"line":61,"column":21},"end":{"line":61,"column":22}},"loc":{"start":{"line":61,"column":41},"end":{"line":95,"column":1}},"line":61},"2":{"name":"(anonymous_2)","decl":{"start":{"line":97,"column":39},"end":{"line":97,"column":40}},"loc":{"start":{"line":97,"column":59},"end":{"line":111,"column":1}},"line":97}},"branchMap":{"0":{"loc":{"start":{"line":12,"column":4},"end":{"line":14,"column":5}},"type":"if","locations":[{"start":{"line":12,"column":4},"end":{"line":14,"column":5}},{"start":{},"end":{}}],"line":12},"1":{"loc":{"start":{"line":12,"column":8},"end":{"line":12,"column":56}},"type":"binary-expr","locations":[{"start":{"line":12,"column":8},"end":{"line":12,"column":19}},{"start":{"line":12,"column":23},"end":{"line":12,"column":56}}],"line":12},"2":{"loc":{"start":{"line":29,"column":4},"end":{"line":31,"column":5}},"type":"if","locations":[{"start":{"line":29,"column":4},"end":{"line":31,"column":5}},{"start":{},"end":{}}],"line":29},"3":{"loc":{"start":{"line":29,"column":8},"end":{"line":29,"column":36}},"type":"binary-expr","locations":[{"start":{"line":29,"column":8},"end":{"line":29,"column":17}},{"start":{"line":29,"column":21},"end":{"line":29,"column":36}}],"line":29},"4":{"loc":{"start":{"line":35,"column":4},"end":{"line":37,"column":5}},"type":"if","locations":[{"start":{"line":35,"column":4},"end":{"line":37,"column":5}},{"start":{},"end":{}}],"line":35},"5":{"loc":{"start":{"line":40,"column":4},"end":{"line":42,"column":5}},"type":"if","locations":[{"start":{"line":40,"column":4},"end":{"line":42,"column":5}},{"start":{},"end":{}}],"line":40},"6":{"loc":{"start":{"line":68,"column":2},"end":{"line":70,"column":3}},"type":"if","locations":[{"start":{"line":68,"column":2},"end":{"line":70,"column":3}},{"start":{},"end":{}}],"line":68},"7":{"loc":{"start":{"line":72,"column":2},"end":{"line":74,"column":3}},"type":"if","locations":[{"start":{"line":72,"column":2},"end":{"line":74,"column":3}},{"start":{},"end":{}}],"line":72},"8":{"loc":{"start":{"line":72,"column":6},"end":{"line":72,"column":27}},"type":"binary-expr","locations":[{"start":{"line":72,"column":6},"end":{"line":72,"column":14}},{"start":{"line":72,"column":18},"end":{"line":72,"column":27}}],"line":72},"9":{"loc":{"start":{"line":92,"column":42},"end":{"line":92,"column":75}},"type":"binary-expr","locations":[{"start":{"line":92,"column":42},"end":{"line":92,"column":60}},{"start":{"line":92,"column":64},"end":{"line":92,"column":75}}],"line":92},"10":{"loc":{"start":{"line":101,"column":4},"end":{"line":103,"column":5}},"type":"if","locations":[{"start":{"line":101,"column":4},"end":{"line":103,"column":5}},{"start":{},"end":{}}],"line":101},"11":{"loc":{"start":{"line":101,"column":8},"end":{"line":101,"column":26}},"type":"binary-expr","locations":[{"start":{"line":101,"column":8},"end":{"line":101,"column":17}},{"start":{"line":101,"column":21},"end":{"line":101,"column":26}}],"line":101}},"s":{"0":2,"1":2,"2":2,"3":2,"4":5,"5":5,"6":5,"7":5,"8":5,"9":1,"10":4,"11":4,"12":4,"13":0,"14":0,"15":4,"16":4,"17":4,"18":1,"19":3,"20":3,"21":0,"22":3,"23":3,"24":2,"25":1,"26":1,"27":0,"28":0,"29":2,"30":2,"31":2,"32":2,"33":2,"34":1,"35":2,"36":1,"37":2,"38":2,"39":1,"40":1,"41":1,"42":2,"43":2,"44":2,"45":2,"46":1,"47":1,"48":1,"49":0,"50":0},"f":{"0":5,"1":2,"2":2},"b":{"0":[1,4],"1":[5,4],"2":[1,3],"3":[4,3],"4":[0,3],"5":[2,1],"6":[1,1],"7":[1,1],"8":[2,1],"9":[1,1],"10":[1,1],"11":[2,1]},"_coverageSchema":"1a1c01bbd47fc00a2c39e90264f33305004495a9","hash":"5fa1fb5e61cb505cd634f64051d7ab472d87f78c"}
,"C:\\Users\\mahla\\critical_projects\\smartClinic\\smartClinic\\Controllers\\UserController.js": {"path":"C:\\Users\\mahla\\critical_projects\\smartClinic\\smartClinic\\Controllers\\UserController.js","statementMap":{"0":{"start":{"line":1,"column":24},"end":{"line":1,"column":62}},"1":{"start":{"line":2,"column":18},"end":{"line":2,"column":56}},"2":{"start":{"line":4,"column":0},"end":{"line":52,"column":2}},"3":{"start":{"line":5,"column":4},"end":{"line":51,"column":5}},"4":{"start":{"line":6,"column":27},"end":{"line":6,"column":37}},"5":{"start":{"line":7,"column":22},"end":{"line":7,"column":87}},"6":{"start":{"line":9,"column":8},"end":{"line":11,"column":9}},"7":{"start":{"line":10,"column":12},"end":{"line":10,"column":78}},"8":{"start":{"line":14,"column":12},"end":{"line":15,"column":79}},"9":{"start":{"line":19,"column":8},"end":{"line":39,"column":9}},"10":{"start":{"line":20,"column":30},"end":{"line":20,"column":47}},"11":{"start":{"line":21,"column":12},"end":{"line":22,"column":81}},"12":{"start":{"line":21,"column":39},"end":{"line":21,"column":76}},"13":{"start":{"line":22,"column":17},"end":{"line":22,"column":81}},"14":{"start":{"line":22,"column":44},"end":{"line":22,"column":81}},"15":{"start":{"line":25,"column":12},"end":{"line":31,"column":13}},"16":{"start":{"line":26,"column":16},"end":{"line":30,"column":17}},"17":{"start":{"line":27,"column":20},"end":{"line":27,"column":93}},"18":{"start":{"line":29,"column":20},"end":{"line":29,"column":87}},"19":{"start":{"line":33,"column":12},"end":{"line":38,"column":15}},"20":{"start":{"line":41,"column":8},"end":{"line":45,"column":11}},"21":{"start":{"line":47,"column":8},"end":{"line":47,"column":57}},"22":{"start":{"line":48,"column":8},"end":{"line":50,"column":11}},"23":{"start":{"line":54,"column":0},"end":{"line":138,"column":2}},"24":{"start":{"line":55,"column":4},"end":{"line":137,"column":5}},"25":{"start":{"line":56,"column":82},"end":{"line":56,"column":90}},"26":{"start":{"line":58,"column":8},"end":{"line":63,"column":9}},"27":{"start":{"line":59,"column":12},"end":{"line":62,"column":15}},"28":{"start":{"line":65,"column":25},"end":{"line":65,"column":62}},"29":{"start":{"line":66,"column":25},"end":{"line":66,"column":56}},"30":{"start":{"line":69,"column":8},"end":{"line":114,"column":9}},"31":{"start":{"line":70,"column":12},"end":{"line":72,"column":13}},"32":{"start":{"line":71,"column":16},"end":{"line":71,"column":117}},"33":{"start":{"line":74,"column":39},"end":{"line":74,"column":110}},"34":{"start":{"line":76,"column":12},"end":{"line":78,"column":13}},"35":{"start":{"line":77,"column":16},"end":{"line":77,"column":102}},"36":{"start":{"line":81,"column":12},"end":{"line":93,"column":13}},"37":{"start":{"line":82,"column":40},"end":{"line":82,"column":85}},"38":{"start":{"line":84,"column":16},"end":{"line":92,"column":17}},"39":{"start":{"line":86,"column":20},"end":{"line":91,"column":21}},"40":{"start":{"line":87,"column":24},"end":{"line":90,"column":27}},"41":{"start":{"line":96,"column":12},"end":{"line":98,"column":13}},"42":{"start":{"line":97,"column":16},"end":{"line":97,"column":114}},"43":{"start":{"line":101,"column":12},"end":{"line":106,"column":13}},"44":{"start":{"line":102,"column":16},"end":{"line":105,"column":19}},"45":{"start":{"line":108,"column":12},"end":{"line":108,"column":60}},"46":{"start":{"line":109,"column":12},"end":{"line":109,"column":57}},"47":{"start":{"line":111,"column":12},"end":{"line":113,"column":13}},"48":{"start":{"line":112,"column":16},"end":{"line":112,"column":84}},"49":{"start":{"line":116,"column":8},"end":{"line":116,"column":68}},"50":{"start":{"line":119,"column":23},"end":{"line":119,"column":40}},"51":{"start":{"line":120,"column":8},"end":{"line":121,"column":69}},"52":{"start":{"line":120,"column":30},"end":{"line":120,"column":64}},"53":{"start":{"line":121,"column":13},"end":{"line":121,"column":69}},"54":{"start":{"line":121,"column":35},"end":{"line":121,"column":69}},"55":{"start":{"line":123,"column":8},"end":{"line":128,"column":11}},"56":{"start":{"line":131,"column":8},"end":{"line":131,"column":52}},"57":{"start":{"line":132,"column":8},"end":{"line":136,"column":11}},"58":{"start":{"line":140,"column":0},"end":{"line":168,"column":2}},"59":{"start":{"line":141,"column":4},"end":{"line":167,"column":5}},"60":{"start":{"line":142,"column":27},"end":{"line":142,"column":58}},"61":{"start":{"line":144,"column":8},"end":{"line":149,"column":9}},"62":{"start":{"line":145,"column":12},"end":{"line":148,"column":15}},"63":{"start":{"line":151,"column":24},"end":{"line":151,"column":50}},"64":{"start":{"line":152,"column":29},"end":{"line":152,"column":70}},"65":{"start":{"line":154,"column":8},"end":{"line":154,"column":66}},"66":{"start":{"line":156,"column":8},"end":{"line":159,"column":11}},"67":{"start":{"line":161,"column":8},"end":{"line":161,"column":61}},"68":{"start":{"line":162,"column":8},"end":{"line":166,"column":11}}},"fnMap":{"0":{"name":"(anonymous_0)","decl":{"start":{"line":4,"column":25},"end":{"line":4,"column":26}},"loc":{"start":{"line":4,"column":45},"end":{"line":52,"column":1}},"line":4},"1":{"name":"(anonymous_1)","decl":{"start":{"line":54,"column":23},"end":{"line":54,"column":24}},"loc":{"start":{"line":54,"column":43},"end":{"line":138,"column":1}},"line":54},"2":{"name":"(anonymous_2)","decl":{"start":{"line":140,"column":28},"end":{"line":140,"column":29}},"loc":{"start":{"line":140,"column":48},"end":{"line":168,"column":1}},"line":140}},"branchMap":{"0":{"loc":{"start":{"line":7,"column":22},"end":{"line":7,"column":87}},"type":"cond-expr","locations":[{"start":{"line":7,"column":60},"end":{"line":7,"column":82}},{"start":{"line":7,"column":85},"end":{"line":7,"column":87}}],"line":7},"1":{"loc":{"start":{"line":9,"column":8},"end":{"line":11,"column":9}},"type":"if","locations":[{"start":{"line":9,"column":8},"end":{"line":11,"column":9}},{"start":{},"end":{}}],"line":9},"2":{"loc":{"start":{"line":9,"column":12},"end":{"line":9,"column":29}},"type":"binary-expr","locations":[{"start":{"line":9,"column":12},"end":{"line":9,"column":19}},{"start":{"line":9,"column":23},"end":{"line":9,"column":29}}],"line":9},"3":{"loc":{"start":{"line":14,"column":12},"end":{"line":15,"column":79}},"type":"binary-expr","locations":[{"start":{"line":14,"column":13},"end":{"line":14,"column":77}},{"start":{"line":15,"column":13},"end":{"line":15,"column":78}}],"line":14},"4":{"loc":{"start":{"line":14,"column":13},"end":{"line":14,"column":77}},"type":"cond-expr","locations":[{"start":{"line":14,"column":22},"end":{"line":14,"column":70}},{"start":{"line":14,"column":73},"end":{"line":14,"column":77}}],"line":14},"5":{"loc":{"start":{"line":15,"column":13},"end":{"line":15,"column":78}},"type":"cond-expr","locations":[{"start":{"line":15,"column":21},"end":{"line":15,"column":71}},{"start":{"line":15,"column":74},"end":{"line":15,"column":78}}],"line":15},"6":{"loc":{"start":{"line":19,"column":8},"end":{"line":39,"column":9}},"type":"if","locations":[{"start":{"line":19,"column":8},"end":{"line":39,"column":9}},{"start":{},"end":{}}],"line":19},"7":{"loc":{"start":{"line":19,"column":12},"end":{"line":19,"column":39}},"type":"binary-expr","locations":[{"start":{"line":19,"column":12},"end":{"line":19,"column":16}},{"start":{"line":19,"column":20},"end":{"line":19,"column":39}}],"line":19},"8":{"loc":{"start":{"line":21,"column":12},"end":{"line":22,"column":81}},"type":"if","locations":[{"start":{"line":21,"column":12},"end":{"line":22,"column":81}},{"start":{"line":22,"column":17},"end":{"line":22,"column":81}}],"line":21},"9":{"loc":{"start":{"line":22,"column":17},"end":{"line":22,"column":81}},"type":"if","locations":[{"start":{"line":22,"column":17},"end":{"line":22,"column":81}},{"start":{},"end":{}}],"line":22},"10":{"loc":{"start":{"line":25,"column":12},"end":{"line":31,"column":13}},"type":"if","locations":[{"start":{"line":25,"column":12},"end":{"line":31,"column":13}},{"start":{},"end":{}}],"line":25},"11":{"loc":{"start":{"line":25,"column":16},"end":{"line":25,"column":81}},"type":"binary-expr","locations":[{"start":{"line":25,"column":17},"end":{"line":25,"column":38}},{"start":{"line":25,"column":42},"end":{"line":25,"column":63}},{"start":{"line":25,"column":68},"end":{"line":25,"column":81}}],"line":25},"12":{"loc":{"start":{"line":58,"column":8},"end":{"line":63,"column":9}},"type":"if","locations":[{"start":{"line":58,"column":8},"end":{"line":63,"column":9}},{"start":{},"end":{}}],"line":58},"13":{"loc":{"start":{"line":58,"column":12},"end":{"line":58,"column":58}},"type":"binary-expr","locations":[{"start":{"line":58,"column":12},"end":{"line":58,"column":16}},{"start":{"line":58,"column":20},"end":{"line":58,"column":29}},{"start":{"line":58,"column":33},"end":{"line":58,"column":39}},{"start":{"line":58,"column":43},"end":{"line":58,"column":48}},{"start":{"line":58,"column":52},"end":{"line":58,"column":58}}],"line":58},"14":{"loc":{"start":{"line":66,"column":37},"end":{"line":66,"column":54}},"type":"binary-expr","locations":[{"start":{"line":66,"column":37},"end":{"line":66,"column":45}},{"start":{"line":66,"column":49},"end":{"line":66,"column":54}}],"line":66},"15":{"loc":{"start":{"line":69,"column":8},"end":{"line":114,"column":9}},"type":"if","locations":[{"start":{"line":69,"column":8},"end":{"line":114,"column":9}},{"start":{},"end":{}}],"line":69},"16":{"loc":{"start":{"line":69,"column":12},"end":{"line":69,"column":48}},"type":"binary-expr","locations":[{"start":{"line":69,"column":12},"end":{"line":69,"column":28}},{"start":{"line":69,"column":32},"end":{"line":69,"column":48}}],"line":69},"17":{"loc":{"start":{"line":70,"column":12},"end":{"line":72,"column":13}},"type":"if","locations":[{"start":{"line":70,"column":12},"end":{"line":72,"column":13}},{"start":{},"end":{}}],"line":70},"18":{"loc":{"start":{"line":76,"column":12},"end":{"line":78,"column":13}},"type":"if","locations":[{"start":{"line":76,"column":12},"end":{"line":78,"column":13}},{"start":{},"end":{}}],"line":76},"19":{"loc":{"start":{"line":81,"column":12},"end":{"line":93,"column":13}},"type":"if","locations":[{"start":{"line":81,"column":12},"end":{"line":93,"column":13}},{"start":{},"end":{}}],"line":81},"20":{"loc":{"start":{"line":84,"column":16},"end":{"line":92,"column":17}},"type":"if","locations":[{"start":{"line":84,"column":16},"end":{"line":92,"column":17}},{"start":{},"end":{}}],"line":84},"21":{"loc":{"start":{"line":86,"column":20},"end":{"line":91,"column":21}},"type":"if","locations":[{"start":{"line":86,"column":20},"end":{"line":91,"column":21}},{"start":{},"end":{}}],"line":86},"22":{"loc":{"start":{"line":86,"column":24},"end":{"line":86,"column":144}},"type":"binary-expr","locations":[{"start":{"line":86,"column":24},"end":{"line":86,"column":56}},{"start":{"line":86,"column":60},"end":{"line":86,"column":84}},{"start":{"line":86,"column":88},"end":{"line":86,"column":144}}],"line":86},"23":{"loc":{"start":{"line":96,"column":12},"end":{"line":98,"column":13}},"type":"if","locations":[{"start":{"line":96,"column":12},"end":{"line":98,"column":13}},{"start":{},"end":{}}],"line":96},"24":{"loc":{"start":{"line":96,"column":16},"end":{"line":96,"column":71}},"type":"binary-expr","locations":[{"start":{"line":96,"column":16},"end":{"line":96,"column":32}},{"start":{"line":96,"column":36},"end":{"line":96,"column":71}}],"line":96},"25":{"loc":{"start":{"line":101,"column":12},"end":{"line":106,"column":13}},"type":"if","locations":[{"start":{"line":101,"column":12},"end":{"line":106,"column":13}},{"start":{},"end":{}}],"line":101},"26":{"loc":{"start":{"line":101,"column":16},"end":{"line":101,"column":102}},"type":"binary-expr","locations":[{"start":{"line":101,"column":16},"end":{"line":101,"column":32}},{"start":{"line":101,"column":36},"end":{"line":101,"column":63}},{"start":{"line":101,"column":67},"end":{"line":101,"column":102}}],"line":101},"27":{"loc":{"start":{"line":111,"column":12},"end":{"line":113,"column":13}},"type":"if","locations":[{"start":{"line":111,"column":12},"end":{"line":113,"column":13}},{"start":{},"end":{}}],"line":111},"28":{"loc":{"start":{"line":120,"column":8},"end":{"line":121,"column":69}},"type":"if","locations":[{"start":{"line":120,"column":8},"end":{"line":121,"column":69}},{"start":{"line":121,"column":13},"end":{"line":121,"column":69}}],"line":120},"29":{"loc":{"start":{"line":121,"column":13},"end":{"line":121,"column":69}},"type":"if","locations":[{"start":{"line":121,"column":13},"end":{"line":121,"column":69}},{"start":{},"end":{}}],"line":121},"30":{"loc":{"start":{"line":142,"column":27},"end":{"line":142,"column":58}},"type":"binary-expr","locations":[{"start":{"line":142,"column":27},"end":{"line":142,"column":52}},{"start":{"line":142,"column":56},"end":{"line":142,"column":58}}],"line":142},"31":{"loc":{"start":{"line":144,"column":8},"end":{"line":149,"column":9}},"type":"if","locations":[{"start":{"line":144,"column":8},"end":{"line":149,"column":9}},{"start":{},"end":{}}],"line":144}},"s":{"0":2,"1":2,"2":2,"3":8,"4":8,"5":8,"6":8,"7":1,"8":7,"9":6,"10":5,"11":5,"12":3,"13":2,"14":1,"15":5,"16":3,"17":3,"18":2,"19":5,"20":1,"21":1,"22":1,"23":2,"24":7,"25":7,"26":7,"27":1,"28":6,"29":6,"30":6,"31":4,"32":1,"33":3,"34":3,"35":0,"36":3,"37":3,"38":3,"39":3,"40":3,"41":0,"42":0,"43":0,"44":0,"45":0,"46":0,"47":0,"48":0,"49":2,"50":1,"51":1,"52":0,"53":1,"54":0,"55":1,"56":1,"57":1,"58":2,"59":3,"60":3,"61":3,"62":1,"63":2,"64":2,"65":2,"66":1,"67":1,"68":1},"f":{"0":8,"1":7,"2":3},"b":{"0":[0,8],"1":[1,7],"2":[8,1],"3":[7,1],"4":[7,0],"5":[0,1],"6":[5,1],"7":[6,5],"8":[3,2],"9":[1,1],"10":[3,2],"11":[5,2,4],"12":[1,6],"13":[7,7,6,6,6],"14":[6,6],"15":[4,2],"16":[6,2],"17":[1,3],"18":[0,3],"19":[3,0],"20":[3,0],"21":[3,0],"22":[3,3,3],"23":[0,0],"24":[0,0],"25":[0,0],"26":[0,0,0],"27":[0,0],"28":[0,1],"29":[0,1],"30":[3,1],"31":[1,2]},"_coverageSchema":"1a1c01bbd47fc00a2c39e90264f33305004495a9","hash":"f65113430ba99dd8a71424a5f95394b28b771906"}
,"C:\\Users\\mahla\\critical_projects\\smartClinic\\smartClinic\\Controllers\\appointmentsController.js": {"path":"C:\\Users\\mahla\\critical_projects\\smartClinic\\smartClinic\\Controllers\\appointmentsController.js","statementMap":{"0":{"start":{"line":1,"column":101},"end":{"line":1,"column":139}},"1":{"start":{"line":3,"column":0},"end":{"line":18,"column":2}},"2":{"start":{"line":4,"column":4},"end":{"line":17,"column":5}},"3":{"start":{"line":5,"column":24},"end":{"line":5,"column":38}},"4":{"start":{"line":6,"column":25},"end":{"line":6,"column":56}},"5":{"start":{"line":8,"column":8},"end":{"line":10,"column":9}},"6":{"start":{"line":9,"column":12},"end":{"line":9,"column":77}},"7":{"start":{"line":12,"column":22},"end":{"line":12,"column":69}},"8":{"start":{"line":13,"column":8},"end":{"line":13,"column":43}},"9":{"start":{"line":15,"column":8},"end":{"line":15,"column":60}},"10":{"start":{"line":16,"column":8},"end":{"line":16,"column":78}},"11":{"start":{"line":20,"column":0},"end":{"line":46,"column":2}},"12":{"start":{"line":21,"column":4},"end":{"line":45,"column":5}},"13":{"start":{"line":22,"column":101},"end":{"line":22,"column":109}},"14":{"start":{"line":24,"column":8},"end":{"line":26,"column":9}},"15":{"start":{"line":25,"column":12},"end":{"line":25,"column":79}},"16":{"start":{"line":29,"column":8},"end":{"line":32,"column":9}},"17":{"start":{"line":30,"column":12},"end":{"line":30,"column":88}},"18":{"start":{"line":31,"column":12},"end":{"line":31,"column":54}},"19":{"start":{"line":34,"column":31},"end":{"line":34,"column":138}},"20":{"start":{"line":35,"column":8},"end":{"line":35,"column":65}},"21":{"start":{"line":37,"column":8},"end":{"line":37,"column":62}},"22":{"start":{"line":39,"column":8},"end":{"line":42,"column":9}},"23":{"start":{"line":41,"column":12},"end":{"line":41,"column":66}},"24":{"start":{"line":44,"column":8},"end":{"line":44,"column":97}},"25":{"start":{"line":48,"column":0},"end":{"line":62,"column":2}},"26":{"start":{"line":49,"column":4},"end":{"line":61,"column":5}},"27":{"start":{"line":50,"column":26},"end":{"line":50,"column":46}},"28":{"start":{"line":52,"column":8},"end":{"line":54,"column":9}},"29":{"start":{"line":53,"column":12},"end":{"line":53,"column":72}},"30":{"start":{"line":56,"column":29},"end":{"line":56,"column":72}},"31":{"start":{"line":57,"column":8},"end":{"line":57,"column":35}},"32":{"start":{"line":59,"column":8},"end":{"line":59,"column":61}},"33":{"start":{"line":60,"column":8},"end":{"line":60,"column":72}},"34":{"start":{"line":65,"column":0},"end":{"line":94,"column":2}},"35":{"start":{"line":66,"column":4},"end":{"line":93,"column":5}},"36":{"start":{"line":67,"column":30},"end":{"line":67,"column":43}},"37":{"start":{"line":70,"column":8},"end":{"line":75,"column":9}},"38":{"start":{"line":71,"column":12},"end":{"line":74,"column":15}},"39":{"start":{"line":78,"column":23},"end":{"line":78,"column":61}},"40":{"start":{"line":80,"column":8},"end":{"line":83,"column":11}},"41":{"start":{"line":86,"column":8},"end":{"line":86,"column":69}},"42":{"start":{"line":88,"column":8},"end":{"line":92,"column":11}}},"fnMap":{"0":{"name":"(anonymous_0)","decl":{"start":{"line":3,"column":26},"end":{"line":3,"column":27}},"loc":{"start":{"line":3,"column":46},"end":{"line":18,"column":1}},"line":3},"1":{"name":"(anonymous_1)","decl":{"start":{"line":20,"column":26},"end":{"line":20,"column":27}},"loc":{"start":{"line":20,"column":46},"end":{"line":46,"column":1}},"line":20},"2":{"name":"(anonymous_2)","decl":{"start":{"line":48,"column":37},"end":{"line":48,"column":38}},"loc":{"start":{"line":48,"column":57},"end":{"line":62,"column":1}},"line":48},"3":{"name":"(anonymous_3)","decl":{"start":{"line":65,"column":38},"end":{"line":65,"column":39}},"loc":{"start":{"line":65,"column":58},"end":{"line":94,"column":1}},"line":65}},"branchMap":{"0":{"loc":{"start":{"line":6,"column":25},"end":{"line":6,"column":56}},"type":"binary-expr","locations":[{"start":{"line":6,"column":25},"end":{"line":6,"column":43}},{"start":{"line":6,"column":47},"end":{"line":6,"column":56}}],"line":6},"1":{"loc":{"start":{"line":8,"column":8},"end":{"line":10,"column":9}},"type":"if","locations":[{"start":{"line":8,"column":8},"end":{"line":10,"column":9}},{"start":{},"end":{}}],"line":8},"2":{"loc":{"start":{"line":24,"column":8},"end":{"line":26,"column":9}},"type":"if","locations":[{"start":{"line":24,"column":8},"end":{"line":26,"column":9}},{"start":{},"end":{}}],"line":24},"3":{"loc":{"start":{"line":24,"column":12},"end":{"line":24,"column":30}},"type":"binary-expr","locations":[{"start":{"line":24,"column":12},"end":{"line":24,"column":17}},{"start":{"line":24,"column":21},"end":{"line":24,"column":30}}],"line":24},"4":{"loc":{"start":{"line":29,"column":8},"end":{"line":32,"column":9}},"type":"if","locations":[{"start":{"line":29,"column":8},"end":{"line":32,"column":9}},{"start":{},"end":{}}],"line":29},"5":{"loc":{"start":{"line":39,"column":8},"end":{"line":42,"column":9}},"type":"if","locations":[{"start":{"line":39,"column":8},"end":{"line":42,"column":9}},{"start":{},"end":{}}],"line":39},"6":{"loc":{"start":{"line":39,"column":12},"end":{"line":40,"column":60}},"type":"binary-expr","locations":[{"start":{"line":39,"column":12},"end":{"line":39,"column":50}},{"start":{"line":40,"column":12},"end":{"line":40,"column":60}}],"line":39},"7":{"loc":{"start":{"line":52,"column":8},"end":{"line":54,"column":9}},"type":"if","locations":[{"start":{"line":52,"column":8},"end":{"line":54,"column":9}},{"start":{},"end":{}}],"line":52},"8":{"loc":{"start":{"line":70,"column":8},"end":{"line":75,"column":9}},"type":"if","locations":[{"start":{"line":70,"column":8},"end":{"line":75,"column":9}},{"start":{},"end":{}}],"line":70}},"s":{"0":3,"1":3,"2":6,"3":6,"4":6,"5":6,"6":1,"7":5,"8":3,"9":2,"10":2,"11":3,"12":6,"13":6,"14":6,"15":1,"16":5,"17":1,"18":1,"19":5,"20":2,"21":3,"22":3,"23":2,"24":1,"25":3,"26":3,"27":3,"28":3,"29":1,"30":2,"31":1,"32":1,"33":1,"34":3,"35":3,"36":3,"37":3,"38":1,"39":2,"40":1,"41":1,"42":1},"f":{"0":6,"1":6,"2":3,"3":3},"b":{"0":[6,3],"1":[1,5],"2":[1,5],"3":[6,5],"4":[1,4],"5":[2,1],"6":[3,2],"7":[1,2],"8":[1,2]},"_coverageSchema":"1a1c01bbd47fc00a2c39e90264f33305004495a9","hash":"afcb42daf99d49fce311523b128fbd5771559b55"}
,"C:\\Users\\mahla\\critical_projects\\smartClinic\\smartClinic\\routes\\appointments.js": {"path":"C:\\Users\\mahla\\critical_projects\\smartClinic\\smartClinic\\routes\\appointments.js","statementMap":{"0":{"start":{"line":1,"column":16},"end":{"line":1,"column":34}},"1":{"start":{"line":2,"column":15},"end":{"line":2,"column":31}},"2":{"start":{"line":3,"column":31},"end":{"line":3,"column":79}},"3":{"start":{"line":5,"column":0},"end":{"line":5,"column":90}},"4":{"start":{"line":6,"column":0},"end":{"line":6,"column":68}},"5":{"start":{"line":7,"column":0},"end":{"line":7,"column":69}},"6":{"start":{"line":8,"column":0},"end":{"line":8,"column":86}},"7":{"start":{"line":10,"column":0},"end":{"line":10,"column":24}}},"fnMap":{},"branchMap":{},"s":{"0":1,"1":1,"2":1,"3":1,"4":1,"5":1,"6":1,"7":1},"f":{},"b":{},"_coverageSchema":"1a1c01bbd47fc00a2c39e90264f33305004495a9","hash":"e851efb7d148f6d7f016f65ee5176789d6523884"}
,"C:\\Users\\mahla\\critical_projects\\smartClinic\\smartClinic\\routes\\clinics.js": {"path":"C:\\Users\\mahla\\critical_projects\\smartClinic\\smartClinic\\routes\\clinics.js","statementMap":{"0":{"start":{"line":1,"column":16},"end":{"line":1,"column":34}},"1":{"start":{"line":2,"column":15},"end":{"line":2,"column":31}},"2":{"start":{"line":3,"column":82},"end":{"line":3,"column":125}},"3":{"start":{"line":5,"column":0},"end":{"line":5,"column":28}},"4":{"start":{"line":6,"column":0},"end":{"line":6,"column":58}},"5":{"start":{"line":7,"column":0},"end":{"line":7,"column":60}},"6":{"start":{"line":9,"column":0},"end":{"line":9,"column":24}}},"fnMap":{},"branchMap":{},"s":{"0":1,"1":1,"2":1,"3":1,"4":1,"5":1,"6":1},"f":{},"b":{},"_coverageSchema":"1a1c01bbd47fc00a2c39e90264f33305004495a9","hash":"5c42b37d807c6e9918a567cfed65c9d0dda9d48d"}
,"C:\\Users\\mahla\\critical_projects\\smartClinic\\smartClinic\\routes\\user.js": {"path":"C:\\Users\\mahla\\critical_projects\\smartClinic\\smartClinic\\routes\\user.js","statementMap":{"0":{"start":{"line":1,"column":16},"end":{"line":1,"column":34}},"1":{"start":{"line":2,"column":15},"end":{"line":2,"column":31}},"2":{"start":{"line":4,"column":60},"end":{"line":4,"column":100}},"3":{"start":{"line":6,"column":0},"end":{"line":6,"column":45}},"4":{"start":{"line":7,"column":0},"end":{"line":7,"column":39}},"5":{"start":{"line":8,"column":0},"end":{"line":8,"column":37}},"6":{"start":{"line":9,"column":0},"end":{"line":9,"column":45}},"7":{"start":{"line":11,"column":0},"end":{"line":11,"column":24}}},"fnMap":{},"branchMap":{},"s":{"0":1,"1":1,"2":1,"3":1,"4":1,"5":1,"6":1,"7":1},"f":{},"b":{},"_coverageSchema":"1a1c01bbd47fc00a2c39e90264f33305004495a9","hash":"7cc8c99c586b19cb607d70482aeef0ee82213d16"}
,"C:\\Users\\mahla\\critical_projects\\smartClinic\\smartClinic\\services\\firebaseService.js": {"path":"C:\\Users\\mahla\\critical_projects\\smartClinic\\smartClinic\\services\\firebaseService.js","statementMap":{"0":{"start":{"line":1,"column":22},"end":{"line":1,"column":50}},"1":{"start":{"line":2,"column":23},"end":{"line":2,"column":38}},"2":{"start":{"line":3,"column":30},"end":{"line":3,"column":32}},"3":{"start":{"line":8,"column":31},"end":{"line":87,"column":1}},"4":{"start":{"line":9,"column":16},"end":{"line":9,"column":18}},"5":{"start":{"line":12,"column":4},"end":{"line":23,"column":5}},"6":{"start":{"line":12,"column":20},"end":{"line":12,"column":21}},"7":{"start":{"line":13,"column":22},"end":{"line":13,"column":62}},"8":{"start":{"line":14,"column":20},"end":{"line":14,"column":73}},"9":{"start":{"line":16,"column":8},"end":{"line":22,"column":11}},"10":{"start":{"line":25,"column":4},"end":{"line":86,"column":5}},"11":{"start":{"line":27,"column":8},"end":{"line":51,"column":9}},"12":{"start":{"line":28,"column":30},"end":{"line":28,"column":80}},"13":{"start":{"line":29,"column":12},"end":{"line":50,"column":13}},"14":{"start":{"line":30,"column":35},"end":{"line":30,"column":51}},"15":{"start":{"line":33,"column":29},"end":{"line":33,"column":107}},"16":{"start":{"line":34,"column":33},"end":{"line":34,"column":59}},"17":{"start":{"line":35,"column":34},"end":{"line":35,"column":48}},"18":{"start":{"line":37,"column":30},"end":{"line":37,"column":101}},"19":{"start":{"line":39,"column":16},"end":{"line":41,"column":17}},"20":{"start":{"line":40,"column":20},"end":{"line":40,"column":30}},"21":{"start":{"line":44,"column":16},"end":{"line":49,"column":19}},"22":{"start":{"line":45,"column":38},"end":{"line":45,"column":63}},"23":{"start":{"line":47,"column":38},"end":{"line":47,"column":127}},"24":{"start":{"line":48,"column":20},"end":{"line":48,"column":76}},"25":{"start":{"line":54,"column":23},"end":{"line":57,"column":44}},"26":{"start":{"line":59,"column":8},"end":{"line":61,"column":9}},"27":{"start":{"line":60,"column":12},"end":{"line":60,"column":66}},"28":{"start":{"line":63,"column":25},"end":{"line":63,"column":45}},"29":{"start":{"line":65,"column":8},"end":{"line":65,"column":41}},"30":{"start":{"line":65,"column":28},"end":{"line":65,"column":41}},"31":{"start":{"line":67,"column":8},"end":{"line":80,"column":11}},"32":{"start":{"line":68,"column":32},"end":{"line":68,"column":42}},"33":{"start":{"line":69,"column":25},"end":{"line":69,"column":75}},"34":{"start":{"line":69,"column":43},"end":{"line":69,"column":74}},"35":{"start":{"line":71,"column":12},"end":{"line":79,"column":13}},"36":{"start":{"line":72,"column":16},"end":{"line":72,"column":32}},"37":{"start":{"line":74,"column":16},"end":{"line":78,"column":17}},"38":{"start":{"line":75,"column":20},"end":{"line":75,"column":41}},"39":{"start":{"line":76,"column":23},"end":{"line":78,"column":17}},"40":{"start":{"line":77,"column":20},"end":{"line":77,"column":44}},"41":{"start":{"line":82,"column":8},"end":{"line":82,"column":21}},"42":{"start":{"line":84,"column":8},"end":{"line":84,"column":60}},"43":{"start":{"line":85,"column":8},"end":{"line":85,"column":20}},"44":{"start":{"line":90,"column":26},"end":{"line":147,"column":1}},"45":{"start":{"line":99,"column":4},"end":{"line":146,"column":5}},"46":{"start":{"line":100,"column":32},"end":{"line":100,"column":61}},"47":{"start":{"line":102,"column":8},"end":{"line":112,"column":9}},"48":{"start":{"line":103,"column":38},"end":{"line":107,"column":22}},"49":{"start":{"line":109,"column":12},"end":{"line":111,"column":13}},"50":{"start":{"line":110,"column":16},"end":{"line":110,"column":76}},"51":{"start":{"line":114,"column":28},"end":{"line":117,"column":44}},"52":{"start":{"line":119,"column":8},"end":{"line":121,"column":9}},"53":{"start":{"line":120,"column":12},"end":{"line":120,"column":76}},"54":{"start":{"line":123,"column":33},"end":{"line":123,"column":58}},"55":{"start":{"line":125,"column":8},"end":{"line":127,"column":9}},"56":{"start":{"line":126,"column":12},"end":{"line":126,"column":50}},"57":{"start":{"line":129,"column":31},"end":{"line":138,"column":9}},"58":{"start":{"line":140,"column":23},"end":{"line":140,"column":64}},"59":{"start":{"line":142,"column":8},"end":{"line":142,"column":52}},"60":{"start":{"line":144,"column":8},"end":{"line":144,"column":60}},"61":{"start":{"line":145,"column":8},"end":{"line":145,"column":20}},"62":{"start":{"line":149,"column":35},"end":{"line":170,"column":1}},"63":{"start":{"line":150,"column":4},"end":{"line":169,"column":5}},"64":{"start":{"line":151,"column":25},"end":{"line":154,"column":18}},"65":{"start":{"line":156,"column":29},"end":{"line":156,"column":31}},"66":{"start":{"line":158,"column":8},"end":{"line":163,"column":11}},"67":{"start":{"line":159,"column":12},"end":{"line":162,"column":15}},"68":{"start":{"line":165,"column":8},"end":{"line":165,"column":28}},"69":{"start":{"line":167,"column":8},"end":{"line":167,"column":74}},"70":{"start":{"line":168,"column":8},"end":{"line":168,"column":20}},"71":{"start":{"line":172,"column":25},"end":{"line":176,"column":1}},"72":{"start":{"line":178,"column":25},"end":{"line":178,"column":65}},"73":{"start":{"line":179,"column":33},"end":{"line":181,"column":1}},"74":{"start":{"line":180,"column":4},"end":{"line":180,"column":42}},"75":{"start":{"line":183,"column":27},"end":{"line":193,"column":1}},"76":{"start":{"line":184,"column":4},"end":{"line":190,"column":5}},"77":{"start":{"line":185,"column":20},"end":{"line":185,"column":73}},"78":{"start":{"line":187,"column":8},"end":{"line":189,"column":9}},"79":{"start":{"line":188,"column":12},"end":{"line":188,"column":30}},"80":{"start":{"line":192,"column":4},"end":{"line":192,"column":16}},"81":{"start":{"line":195,"column":26},"end":{"line":219,"column":1}},"82":{"start":{"line":196,"column":26},"end":{"line":196,"column":34}},"83":{"start":{"line":197,"column":27},"end":{"line":197,"column":57}},"84":{"start":{"line":199,"column":4},"end":{"line":201,"column":5}},"85":{"start":{"line":200,"column":8},"end":{"line":200,"column":44}},"86":{"start":{"line":204,"column":4},"end":{"line":204,"column":58}},"87":{"start":{"line":206,"column":24},"end":{"line":215,"column":5}},"88":{"start":{"line":218,"column":4},"end":{"line":218,"column":66}},"89":{"start":{"line":221,"column":30},"end":{"line":241,"column":1}},"90":{"start":{"line":222,"column":25},"end":{"line":222,"column":51}},"91":{"start":{"line":224,"column":4},"end":{"line":226,"column":5}},"92":{"start":{"line":225,"column":8},"end":{"line":225,"column":20}},"93":{"start":{"line":228,"column":24},"end":{"line":228,"column":55}},"94":{"start":{"line":230,"column":4},"end":{"line":238,"column":5}},"95":{"start":{"line":231,"column":25},"end":{"line":233,"column":18}},"96":{"start":{"line":235,"column":8},"end":{"line":237,"column":9}},"97":{"start":{"line":236,"column":12},"end":{"line":236,"column":43}},"98":{"start":{"line":240,"column":4},"end":{"line":240,"column":16}},"99":{"start":{"line":250,"column":26},"end":{"line":271,"column":1}},"100":{"start":{"line":251,"column":4},"end":{"line":270,"column":5}},"101":{"start":{"line":252,"column":27},"end":{"line":252,"column":75}},"102":{"start":{"line":254,"column":27},"end":{"line":254,"column":49}},"103":{"start":{"line":256,"column":8},"end":{"line":258,"column":9}},"104":{"start":{"line":257,"column":12},"end":{"line":257,"column":49}},"105":{"start":{"line":260,"column":8},"end":{"line":263,"column":11}},"106":{"start":{"line":265,"column":8},"end":{"line":265,"column":76}},"107":{"start":{"line":268,"column":8},"end":{"line":268,"column":58}},"108":{"start":{"line":269,"column":8},"end":{"line":269,"column":20}},"109":{"start":{"line":276,"column":26},"end":{"line":284,"column":1}},"110":{"start":{"line":277,"column":21},"end":{"line":281,"column":14}},"111":{"start":{"line":283,"column":4},"end":{"line":283,"column":27}},"112":{"start":{"line":287,"column":21},"end":{"line":315,"column":1}},"113":{"start":{"line":288,"column":22},"end":{"line":288,"column":69}},"114":{"start":{"line":289,"column":22},"end":{"line":289,"column":69}},"115":{"start":{"line":292,"column":25},"end":{"line":292,"column":72}},"116":{"start":{"line":294,"column":4},"end":{"line":312,"column":7}},"117":{"start":{"line":314,"column":4},"end":{"line":314,"column":55}},"118":{"start":{"line":317,"column":27},"end":{"line":330,"column":1}},"119":{"start":{"line":318,"column":16},"end":{"line":318,"column":66}},"120":{"start":{"line":319,"column":4},"end":{"line":321,"column":5}},"121":{"start":{"line":320,"column":8},"end":{"line":320,"column":54}},"122":{"start":{"line":323,"column":4},"end":{"line":327,"column":7}},"123":{"start":{"line":329,"column":4},"end":{"line":329,"column":49}},"124":{"start":{"line":334,"column":40},"end":{"line":363,"column":1}},"125":{"start":{"line":336,"column":19},"end":{"line":338,"column":14}},"126":{"start":{"line":340,"column":4},"end":{"line":348,"column":5}},"127":{"start":{"line":341,"column":20},"end":{"line":341,"column":36}},"128":{"start":{"line":342,"column":21},"end":{"line":342,"column":31}},"129":{"start":{"line":343,"column":8},"end":{"line":347,"column":10}},"130":{"start":{"line":351,"column":4},"end":{"line":353,"column":15}},"131":{"start":{"line":355,"column":4},"end":{"line":360,"column":5}},"132":{"start":{"line":356,"column":8},"end":{"line":359,"column":10}},"133":{"start":{"line":362,"column":4},"end":{"line":362,"column":16}},"134":{"start":{"line":366,"column":20},"end":{"line":371,"column":1}},"135":{"start":{"line":367,"column":4},"end":{"line":370,"column":7}},"136":{"start":{"line":373,"column":35},"end":{"line":378,"column":1}},"137":{"start":{"line":374,"column":4},"end":{"line":377,"column":7}},"138":{"start":{"line":380,"column":26},"end":{"line":383,"column":1}},"139":{"start":{"line":381,"column":16},"end":{"line":381,"column":66}},"140":{"start":{"line":382,"column":4},"end":{"line":382,"column":65}},"141":{"start":{"line":385,"column":26},"end":{"line":425,"column":1}},"142":{"start":{"line":386,"column":4},"end":{"line":424,"column":5}},"143":{"start":{"line":388,"column":28},"end":{"line":388,"column":59}},"144":{"start":{"line":389,"column":27},"end":{"line":389,"column":31}},"145":{"start":{"line":390,"column":23},"end":{"line":390,"column":27}},"146":{"start":{"line":392,"column":8},"end":{"line":401,"column":9}},"147":{"start":{"line":393,"column":24},"end":{"line":393,"column":74}},"148":{"start":{"line":394,"column":12},"end":{"line":400,"column":13}},"149":{"start":{"line":395,"column":16},"end":{"line":395,"column":42}},"150":{"start":{"line":396,"column":16},"end":{"line":396,"column":45}},"151":{"start":{"line":398,"column":16},"end":{"line":398,"column":70}},"152":{"start":{"line":399,"column":16},"end":{"line":399,"column":22}},"153":{"start":{"line":403,"column":8},"end":{"line":415,"column":9}},"154":{"start":{"line":405,"column":29},"end":{"line":405,"column":94}},"155":{"start":{"line":406,"column":12},"end":{"line":408,"column":13}},"156":{"start":{"line":407,"column":16},"end":{"line":407,"column":74}},"157":{"start":{"line":409,"column":15},"end":{"line":415,"column":9}},"158":{"start":{"line":411,"column":29},"end":{"line":411,"column":100}},"159":{"start":{"line":412,"column":12},"end":{"line":414,"column":13}},"160":{"start":{"line":413,"column":16},"end":{"line":413,"column":39}},"161":{"start":{"line":418,"column":8},"end":{"line":418,"column":43}},"162":{"start":{"line":420,"column":8},"end":{"line":420,"column":28}},"163":{"start":{"line":422,"column":8},"end":{"line":422,"column":61}},"164":{"start":{"line":423,"column":8},"end":{"line":423,"column":20}},"165":{"start":{"line":427,"column":0},"end":{"line":448,"column":2}}},"fnMap":{"0":{"name":"(anonymous_0)","decl":{"start":{"line":8,"column":31},"end":{"line":8,"column":32}},"loc":{"start":{"line":8,"column":60},"end":{"line":87,"column":1}},"line":8},"1":{"name":"(anonymous_1)","decl":{"start":{"line":44,"column":37},"end":{"line":44,"column":38}},"loc":{"start":{"line":44,"column":45},"end":{"line":49,"column":17}},"line":44},"2":{"name":"(anonymous_2)","decl":{"start":{"line":67,"column":25},"end":{"line":67,"column":26}},"loc":{"start":{"line":67,"column":34},"end":{"line":80,"column":9}},"line":67},"3":{"name":"(anonymous_3)","decl":{"start":{"line":69,"column":36},"end":{"line":69,"column":37}},"loc":{"start":{"line":69,"column":43},"end":{"line":69,"column":74}},"line":69},"4":{"name":"(anonymous_4)","decl":{"start":{"line":90,"column":26},"end":{"line":90,"column":27}},"loc":{"start":{"line":98,"column":5},"end":{"line":147,"column":1}},"line":98},"5":{"name":"(anonymous_5)","decl":{"start":{"line":149,"column":35},"end":{"line":149,"column":36}},"loc":{"start":{"line":149,"column":56},"end":{"line":170,"column":1}},"line":149},"6":{"name":"(anonymous_6)","decl":{"start":{"line":158,"column":25},"end":{"line":158,"column":26}},"loc":{"start":{"line":158,"column":34},"end":{"line":163,"column":9}},"line":158},"7":{"name":"(anonymous_7)","decl":{"start":{"line":179,"column":33},"end":{"line":179,"column":34}},"loc":{"start":{"line":179,"column":43},"end":{"line":181,"column":1}},"line":179},"8":{"name":"(anonymous_8)","decl":{"start":{"line":183,"column":27},"end":{"line":183,"column":28}},"loc":{"start":{"line":183,"column":45},"end":{"line":193,"column":1}},"line":183},"9":{"name":"(anonymous_9)","decl":{"start":{"line":195,"column":26},"end":{"line":195,"column":27}},"loc":{"start":{"line":195,"column":61},"end":{"line":219,"column":1}},"line":195},"10":{"name":"(anonymous_10)","decl":{"start":{"line":221,"column":30},"end":{"line":221,"column":31}},"loc":{"start":{"line":221,"column":47},"end":{"line":241,"column":1}},"line":221},"11":{"name":"(anonymous_11)","decl":{"start":{"line":250,"column":26},"end":{"line":250,"column":27}},"loc":{"start":{"line":250,"column":50},"end":{"line":271,"column":1}},"line":250},"12":{"name":"(anonymous_12)","decl":{"start":{"line":276,"column":26},"end":{"line":276,"column":27}},"loc":{"start":{"line":276,"column":57},"end":{"line":284,"column":1}},"line":276},"13":{"name":"(anonymous_13)","decl":{"start":{"line":287,"column":21},"end":{"line":287,"column":22}},"loc":{"start":{"line":287,"column":65},"end":{"line":315,"column":1}},"line":287},"14":{"name":"(anonymous_14)","decl":{"start":{"line":317,"column":27},"end":{"line":317,"column":28}},"loc":{"start":{"line":317,"column":66},"end":{"line":330,"column":1}},"line":317},"15":{"name":"(anonymous_15)","decl":{"start":{"line":334,"column":40},"end":{"line":334,"column":41}},"loc":{"start":{"line":334,"column":56},"end":{"line":363,"column":1}},"line":334},"16":{"name":"(anonymous_16)","decl":{"start":{"line":366,"column":20},"end":{"line":366,"column":21}},"loc":{"start":{"line":366,"column":50},"end":{"line":371,"column":1}},"line":366},"17":{"name":"(anonymous_17)","decl":{"start":{"line":373,"column":35},"end":{"line":373,"column":36}},"loc":{"start":{"line":373,"column":71},"end":{"line":378,"column":1}},"line":373},"18":{"name":"(anonymous_18)","decl":{"start":{"line":380,"column":26},"end":{"line":380,"column":27}},"loc":{"start":{"line":380,"column":46},"end":{"line":383,"column":1}},"line":380},"19":{"name":"(anonymous_19)","decl":{"start":{"line":385,"column":26},"end":{"line":385,"column":27}},"loc":{"start":{"line":385,"column":41},"end":{"line":425,"column":1}},"line":385}},"branchMap":{"0":{"loc":{"start":{"line":27,"column":8},"end":{"line":51,"column":9}},"type":"if","locations":[{"start":{"line":27,"column":8},"end":{"line":51,"column":9}},{"start":{},"end":{}}],"line":27},"1":{"loc":{"start":{"line":27,"column":12},"end":{"line":27,"column":46}},"type":"binary-expr","locations":[{"start":{"line":27,"column":12},"end":{"line":27,"column":20}},{"start":{"line":27,"column":24},"end":{"line":27,"column":46}}],"line":27},"2":{"loc":{"start":{"line":29,"column":12},"end":{"line":50,"column":13}},"type":"if","locations":[{"start":{"line":29,"column":12},"end":{"line":50,"column":13}},{"start":{},"end":{}}],"line":29},"3":{"loc":{"start":{"line":37,"column":30},"end":{"line":37,"column":101}},"type":"cond-expr","locations":[{"start":{"line":37,"column":58},"end":{"line":37,"column":94}},{"start":{"line":37,"column":97},"end":{"line":37,"column":101}}],"line":37},"4":{"loc":{"start":{"line":39,"column":16},"end":{"line":41,"column":17}},"type":"if","locations":[{"start":{"line":39,"column":16},"end":{"line":41,"column":17}},{"start":{},"end":{}}],"line":39},"5":{"loc":{"start":{"line":39,"column":20},"end":{"line":39,"column":43}},"type":"binary-expr","locations":[{"start":{"line":39,"column":20},"end":{"line":39,"column":26}},{"start":{"line":39,"column":30},"end":{"line":39,"column":43}}],"line":39},"6":{"loc":{"start":{"line":47,"column":38},"end":{"line":47,"column":127}},"type":"cond-expr","locations":[{"start":{"line":47,"column":106},"end":{"line":47,"column":113}},{"start":{"line":47,"column":116},"end":{"line":47,"column":127}}],"line":47},"7":{"loc":{"start":{"line":47,"column":38},"end":{"line":47,"column":103}},"type":"binary-expr","locations":[{"start":{"line":47,"column":38},"end":{"line":47,"column":61}},{"start":{"line":47,"column":65},"end":{"line":47,"column":87}},{"start":{"line":47,"column":91},"end":{"line":47,"column":103}}],"line":47},"8":{"loc":{"start":{"line":48,"column":27},"end":{"line":48,"column":75}},"type":"binary-expr","locations":[{"start":{"line":48,"column":27},"end":{"line":48,"column":50}},{"start":{"line":48,"column":54},"end":{"line":48,"column":75}}],"line":48},"9":{"loc":{"start":{"line":59,"column":8},"end":{"line":61,"column":9}},"type":"if","locations":[{"start":{"line":59,"column":8},"end":{"line":61,"column":9}},{"start":{},"end":{}}],"line":59},"10":{"loc":{"start":{"line":59,"column":12},"end":{"line":59,"column":46}},"type":"binary-expr","locations":[{"start":{"line":59,"column":12},"end":{"line":59,"column":20}},{"start":{"line":59,"column":24},"end":{"line":59,"column":46}}],"line":59},"11":{"loc":{"start":{"line":65,"column":8},"end":{"line":65,"column":41}},"type":"if","locations":[{"start":{"line":65,"column":8},"end":{"line":65,"column":41}},{"start":{},"end":{}}],"line":65},"12":{"loc":{"start":{"line":71,"column":12},"end":{"line":79,"column":13}},"type":"if","locations":[{"start":{"line":71,"column":12},"end":{"line":79,"column":13}},{"start":{},"end":{}}],"line":71},"13":{"loc":{"start":{"line":74,"column":16},"end":{"line":78,"column":17}},"type":"if","locations":[{"start":{"line":74,"column":16},"end":{"line":78,"column":17}},{"start":{"line":76,"column":23},"end":{"line":78,"column":17}}],"line":74},"14":{"loc":{"start":{"line":76,"column":23},"end":{"line":78,"column":17}},"type":"if","locations":[{"start":{"line":76,"column":23},"end":{"line":78,"column":17}},{"start":{},"end":{}}],"line":76},"15":{"loc":{"start":{"line":97,"column":4},"end":{"line":97,"column":24}},"type":"default-arg","locations":[{"start":{"line":97,"column":19},"end":{"line":97,"column":24}}],"line":97},"16":{"loc":{"start":{"line":102,"column":8},"end":{"line":112,"column":9}},"type":"if","locations":[{"start":{"line":102,"column":8},"end":{"line":112,"column":9}},{"start":{},"end":{}}],"line":102},"17":{"loc":{"start":{"line":109,"column":12},"end":{"line":111,"column":13}},"type":"if","locations":[{"start":{"line":109,"column":12},"end":{"line":111,"column":13}},{"start":{},"end":{}}],"line":109},"18":{"loc":{"start":{"line":119,"column":8},"end":{"line":121,"column":9}},"type":"if","locations":[{"start":{"line":119,"column":8},"end":{"line":121,"column":9}},{"start":{},"end":{}}],"line":119},"19":{"loc":{"start":{"line":119,"column":12},"end":{"line":119,"column":46}},"type":"binary-expr","locations":[{"start":{"line":119,"column":12},"end":{"line":119,"column":20}},{"start":{"line":119,"column":24},"end":{"line":119,"column":46}}],"line":119},"20":{"loc":{"start":{"line":125,"column":8},"end":{"line":127,"column":9}},"type":"if","locations":[{"start":{"line":125,"column":8},"end":{"line":127,"column":9}},{"start":{},"end":{}}],"line":125},"21":{"loc":{"start":{"line":130,"column":22},"end":{"line":130,"column":43}},"type":"binary-expr","locations":[{"start":{"line":130,"column":22},"end":{"line":130,"column":30}},{"start":{"line":130,"column":34},"end":{"line":130,"column":43}}],"line":130},"22":{"loc":{"start":{"line":131,"column":24},"end":{"line":131,"column":54}},"type":"binary-expr","locations":[{"start":{"line":131,"column":24},"end":{"line":131,"column":34}},{"start":{"line":131,"column":38},"end":{"line":131,"column":54}}],"line":131},"23":{"loc":{"start":{"line":132,"column":27},"end":{"line":132,"column":49}},"type":"binary-expr","locations":[{"start":{"line":132,"column":27},"end":{"line":132,"column":40}},{"start":{"line":132,"column":44},"end":{"line":132,"column":49}}],"line":132},"24":{"loc":{"start":{"line":180,"column":11},"end":{"line":180,"column":41}},"type":"binary-expr","locations":[{"start":{"line":180,"column":11},"end":{"line":180,"column":33}},{"start":{"line":180,"column":37},"end":{"line":180,"column":41}}],"line":180},"25":{"loc":{"start":{"line":187,"column":8},"end":{"line":189,"column":9}},"type":"if","locations":[{"start":{"line":187,"column":8},"end":{"line":189,"column":9}},{"start":{},"end":{}}],"line":187},"26":{"loc":{"start":{"line":195,"column":43},"end":{"line":195,"column":56}},"type":"default-arg","locations":[{"start":{"line":195,"column":54},"end":{"line":195,"column":56}}],"line":195},"27":{"loc":{"start":{"line":199,"column":4},"end":{"line":201,"column":5}},"type":"if","locations":[{"start":{"line":199,"column":4},"end":{"line":201,"column":5}},{"start":{},"end":{}}],"line":199},"28":{"loc":{"start":{"line":212,"column":18},"end":{"line":212,"column":44}},"type":"binary-expr","locations":[{"start":{"line":212,"column":18},"end":{"line":212,"column":35}},{"start":{"line":212,"column":39},"end":{"line":212,"column":44}}],"line":212},"29":{"loc":{"start":{"line":222,"column":32},"end":{"line":222,"column":43}},"type":"binary-expr","locations":[{"start":{"line":222,"column":32},"end":{"line":222,"column":37}},{"start":{"line":222,"column":41},"end":{"line":222,"column":43}}],"line":222},"30":{"loc":{"start":{"line":224,"column":4},"end":{"line":226,"column":5}},"type":"if","locations":[{"start":{"line":224,"column":4},"end":{"line":226,"column":5}},{"start":{},"end":{}}],"line":224},"31":{"loc":{"start":{"line":235,"column":8},"end":{"line":237,"column":9}},"type":"if","locations":[{"start":{"line":235,"column":8},"end":{"line":237,"column":9}},{"start":{},"end":{}}],"line":235},"32":{"loc":{"start":{"line":256,"column":8},"end":{"line":258,"column":9}},"type":"if","locations":[{"start":{"line":256,"column":8},"end":{"line":258,"column":9}},{"start":{},"end":{}}],"line":256},"33":{"loc":{"start":{"line":297,"column":17},"end":{"line":297,"column":50}},"type":"binary-expr","locations":[{"start":{"line":297,"column":17},"end":{"line":297,"column":24}},{"start":{"line":297,"column":28},"end":{"line":297,"column":50}}],"line":297},"34":{"loc":{"start":{"line":319,"column":4},"end":{"line":321,"column":5}},"type":"if","locations":[{"start":{"line":319,"column":4},"end":{"line":321,"column":5}},{"start":{},"end":{}}],"line":319},"35":{"loc":{"start":{"line":340,"column":4},"end":{"line":348,"column":5}},"type":"if","locations":[{"start":{"line":340,"column":4},"end":{"line":348,"column":5}},{"start":{},"end":{}}],"line":340},"36":{"loc":{"start":{"line":355,"column":4},"end":{"line":360,"column":5}},"type":"if","locations":[{"start":{"line":355,"column":4},"end":{"line":360,"column":5}},{"start":{},"end":{}}],"line":355},"37":{"loc":{"start":{"line":382,"column":11},"end":{"line":382,"column":64}},"type":"cond-expr","locations":[{"start":{"line":382,"column":24},"end":{"line":382,"column":45}},{"start":{"line":382,"column":48},"end":{"line":382,"column":64}}],"line":382},"38":{"loc":{"start":{"line":394,"column":12},"end":{"line":400,"column":13}},"type":"if","locations":[{"start":{"line":394,"column":12},"end":{"line":400,"column":13}},{"start":{},"end":{}}],"line":394},"39":{"loc":{"start":{"line":403,"column":8},"end":{"line":415,"column":9}},"type":"if","locations":[{"start":{"line":403,"column":8},"end":{"line":415,"column":9}},{"start":{"line":409,"column":15},"end":{"line":415,"column":9}}],"line":403},"40":{"loc":{"start":{"line":409,"column":15},"end":{"line":415,"column":9}},"type":"if","locations":[{"start":{"line":409,"column":15},"end":{"line":415,"column":9}},{"start":{},"end":{}}],"line":409}},"s":{"0":7,"1":7,"2":7,"3":7,"4":4,"5":4,"6":4,"7":96,"8":96,"9":96,"10":4,"11":4,"12":4,"13":3,"14":2,"15":2,"16":2,"17":2,"18":2,"19":2,"20":1,"21":1,"22":24,"23":24,"24":24,"25":2,"26":2,"27":2,"28":2,"29":2,"30":1,"31":1,"32":10,"33":10,"34":90,"35":10,"36":10,"37":10,"38":1,"39":9,"40":3,"41":1,"42":1,"43":1,"44":7,"45":3,"46":3,"47":3,"48":3,"49":3,"50":1,"51":2,"52":2,"53":2,"54":2,"55":2,"56":1,"57":1,"58":1,"59":1,"60":2,"61":2,"62":7,"63":2,"64":2,"65":1,"66":1,"67":1,"68":1,"69":1,"70":1,"71":7,"72":7,"73":7,"74":2,"75":7,"76":3,"77":9,"78":9,"79":2,"80":1,"81":7,"82":2,"83":2,"84":2,"85":1,"86":1,"87":1,"88":1,"89":7,"90":3,"91":3,"92":1,"93":2,"94":2,"95":4,"96":4,"97":1,"98":1,"99":7,"100":2,"101":2,"102":2,"103":2,"104":1,"105":1,"106":1,"107":1,"108":1,"109":7,"110":1,"111":1,"112":7,"113":1,"114":1,"115":1,"116":1,"117":1,"118":7,"119":2,"120":2,"121":1,"122":1,"123":1,"124":7,"125":3,"126":3,"127":1,"128":1,"129":1,"130":2,"131":2,"132":1,"133":1,"134":7,"135":0,"136":7,"137":1,"138":7,"139":2,"140":2,"141":7,"142":2,"143":2,"144":2,"145":2,"146":2,"147":2,"148":1,"149":1,"150":1,"151":1,"152":1,"153":1,"154":0,"155":0,"156":0,"157":1,"158":1,"159":1,"160":1,"161":1,"162":1,"163":1,"164":1,"165":7},"f":{"0":4,"1":24,"2":10,"3":90,"4":3,"5":2,"6":1,"7":2,"8":3,"9":2,"10":3,"11":2,"12":1,"13":1,"14":2,"15":3,"16":0,"17":1,"18":2,"19":2},"b":{"0":[4,0],"1":[4,4],"2":[2,1],"3":[2,0],"4":[1,1],"5":[2,2],"6":[0,24],"7":[24,0,0],"8":[24,15],"9":[2,0],"10":[2,2],"11":[1,1],"12":[10,0],"13":[1,9],"14":[3,6],"15":[3],"16":[3,0],"17":[1,2],"18":[2,0],"19":[2,2],"20":[1,1],"21":[1,0],"22":[1,0],"23":[1,0],"24":[2,1],"25":[2,7],"26":[2],"27":[1,1],"28":[1,1],"29":[3,1],"30":[1,2],"31":[1,3],"32":[1,1],"33":[1,0],"34":[1,1],"35":[1,2],"36":[1,1],"37":[1,1],"38":[1,0],"39":[0,1],"40":[1,0]},"_coverageSchema":"1a1c01bbd47fc00a2c39e90264f33305004495a9","hash":"cbd6a5098a33aa971f4f81e723495532979254db"}
,"C:\\Users\\mahla\\critical_projects\\smartClinic\\smartClinic\\services\\config\\firebase.js": {"path":"C:\\Users\\mahla\\critical_projects\\smartClinic\\smartClinic\\services\\config\\firebase.js","statementMap":{"0":{"start":{"line":1,"column":14},"end":{"line":1,"column":39}},"1":{"start":{"line":3,"column":0},"end":{"line":47,"column":1}},"2":{"start":{"line":4,"column":27},"end":{"line":42,"column":5}},"3":{"start":{"line":44,"column":4},"end":{"line":46,"column":7}},"4":{"start":{"line":49,"column":11},"end":{"line":49,"column":28}},"5":{"start":{"line":51,"column":0},"end":{"line":51,"column":31}}},"fnMap":{},"branchMap":{"0":{"loc":{"start":{"line":3,"column":0},"end":{"line":47,"column":1}},"type":"if","locations":[{"start":{"line":3,"column":0},"end":{"line":47,"column":1}},{"start":{},"end":{}}],"line":3}},"s":{"0":2,"1":2,"2":2,"3":2,"4":2,"5":2},"f":{},"b":{"0":[2,0]},"_coverageSchema":"1a1c01bbd47fc00a2c39e90264f33305004495a9","hash":"ba1283c81203612a9cc1273d81c6264b4d4a1755"}
}
