{"C:\\Users\\marti\\OneDrive\\Desktop\\Websites\\Projects\\smartClinic\\controllers\\ClinicsController.js": {"path":"C:\\Users\\marti\\OneDrive\\Desktop\\Websites\\Projects\\smartClinic\\controllers\\ClinicsController.js","statementMap":{"0":{"start":{"line":1,"column":14},"end":{"line":1,"column":30}},"1":{"start":{"line":3,"column":0},"end":{"line":37,"column":2}},"2":{"start":{"line":4,"column":21},"end":{"line":4,"column":37}},"3":{"start":{"line":5,"column":19},"end":{"line":5,"column":32}},"4":{"start":{"line":6,"column":20},"end":{"line":6,"column":33}},"5":{"start":{"line":10,"column":2},"end":{"line":12,"column":3}},"6":{"start":{"line":11,"column":4},"end":{"line":11,"column":41}},"7":{"start":{"line":14,"column":2},"end":{"line":16,"column":3}},"8":{"start":{"line":15,"column":4},"end":{"line":15,"column":50}},"9":{"start":{"line":17,"column":2},"end":{"line":36,"column":3}},"10":{"start":{"line":18,"column":21},"end":{"line":30,"column":5}},"11":{"start":{"line":32,"column":4},"end":{"line":32,"column":28}},"12":{"start":{"line":34,"column":4},"end":{"line":34,"column":77}},"13":{"start":{"line":35,"column":4},"end":{"line":35,"column":62}}},"fnMap":{"0":{"name":"(anonymous_0)","decl":{"start":{"line":3,"column":21},"end":{"line":3,"column":22}},"loc":{"start":{"line":3,"column":41},"end":{"line":37,"column":1}},"line":3}},"branchMap":{"0":{"loc":{"start":{"line":10,"column":2},"end":{"line":12,"column":3}},"type":"if","locations":[{"start":{"line":10,"column":2},"end":{"line":12,"column":3}},{"start":{},"end":{}}],"line":10},"1":{"loc":{"start":{"line":14,"column":2},"end":{"line":16,"column":3}},"type":"if","locations":[{"start":{"line":14,"column":2},"end":{"line":16,"column":3}},{"start":{},"end":{}}],"line":14},"2":{"loc":{"start":{"line":14,"column":6},"end":{"line":14,"column":27}},"type":"binary-expr","locations":[{"start":{"line":14,"column":6},"end":{"line":14,"column":14}},{"start":{"line":14,"column":18},"end":{"line":14,"column":27}}],"line":14},"3":{"loc":{"start":{"line":34,"column":42},"end":{"line":34,"column":75}},"type":"binary-expr","locations":[{"start":{"line":34,"column":42},"end":{"line":34,"column":60}},{"start":{"line":34,"column":64},"end":{"line":34,"column":75}}],"line":34}},"s":{"0":1,"1":1,"2":3,"3":3,"4":3,"5":3,"6":2,"7":3,"8":1,"9":3,"10":3,"11":2,"12":1,"13":1},"f":{"0":3},"b":{"0":[2,1],"1":[1,2],"2":[3,1],"3":[1,1]},"_coverageSchema":"1a1c01bbd47fc00a2c39e90264f33305004495a9","hash":"c8a6b7d40ad0bb8e3f5815e49c1ee391bb9a8356"}
,"C:\\Users\\marti\\OneDrive\\Desktop\\Websites\\Projects\\smartClinic\\controllers\\UserController.js": {"path":"C:\\Users\\marti\\OneDrive\\Desktop\\Websites\\Projects\\smartClinic\\controllers\\UserController.js","statementMap":{"0":{"start":{"line":1,"column":24},"end":{"line":1,"column":62}},"1":{"start":{"line":2,"column":18},"end":{"line":2,"column":56}},"2":{"start":{"line":4,"column":0},"end":{"line":37,"column":2}},"3":{"start":{"line":5,"column":4},"end":{"line":36,"column":5}},"4":{"start":{"line":6,"column":27},"end":{"line":6,"column":37}},"5":{"start":{"line":7,"column":22},"end":{"line":7,"column":87}},"6":{"start":{"line":9,"column":8},"end":{"line":11,"column":9}},"7":{"start":{"line":10,"column":12},"end":{"line":10,"column":78}},"8":{"start":{"line":14,"column":12},"end":{"line":15,"column":79}},"9":{"start":{"line":17,"column":8},"end":{"line":24,"column":9}},"10":{"start":{"line":18,"column":12},"end":{"line":23,"column":15}},"11":{"start":{"line":26,"column":8},"end":{"line":30,"column":11}},"12":{"start":{"line":32,"column":8},"end":{"line":32,"column":57}},"13":{"start":{"line":33,"column":8},"end":{"line":35,"column":11}},"14":{"start":{"line":39,"column":0},"end":{"line":120,"column":2}},"15":{"start":{"line":40,"column":4},"end":{"line":119,"column":5}},"16":{"start":{"line":49,"column":12},"end":{"line":49,"column":20}},"17":{"start":{"line":51,"column":8},"end":{"line":56,"column":9}},"18":{"start":{"line":52,"column":12},"end":{"line":55,"column":15}},"19":{"start":{"line":58,"column":8},"end":{"line":63,"column":9}},"20":{"start":{"line":59,"column":12},"end":{"line":62,"column":15}},"21":{"start":{"line":65,"column":25},"end":{"line":71,"column":9}},"22":{"start":{"line":73,"column":23},"end":{"line":73,"column":25}},"23":{"start":{"line":74,"column":29},"end":{"line":74,"column":64}},"24":{"start":{"line":76,"column":8},"end":{"line":102,"column":9}},"25":{"start":{"line":77,"column":12},"end":{"line":82,"column":13}},"26":{"start":{"line":78,"column":16},"end":{"line":81,"column":19}},"27":{"start":{"line":84,"column":29},"end":{"line":84,"column":86}},"28":{"start":{"line":86,"column":12},"end":{"line":91,"column":13}},"29":{"start":{"line":87,"column":16},"end":{"line":90,"column":19}},"30":{"start":{"line":93,"column":12},"end":{"line":93,"column":47}},"31":{"start":{"line":94,"column":12},"end":{"line":94,"column":66}},"32":{"start":{"line":96,"column":12},"end":{"line":96,"column":72}},"33":{"start":{"line":97,"column":12},"end":{"line":97,"column":61}},"34":{"start":{"line":100,"column":12},"end":{"line":100,"column":68}},"35":{"start":{"line":101,"column":12},"end":{"line":101,"column":62}},"36":{"start":{"line":104,"column":8},"end":{"line":111,"column":11}},"37":{"start":{"line":113,"column":8},"end":{"line":113,"column":61}},"38":{"start":{"line":114,"column":8},"end":{"line":118,"column":11}},"39":{"start":{"line":122,"column":0},"end":{"line":150,"column":2}},"40":{"start":{"line":123,"column":4},"end":{"line":149,"column":5}},"41":{"start":{"line":124,"column":27},"end":{"line":124,"column":58}},"42":{"start":{"line":126,"column":8},"end":{"line":131,"column":9}},"43":{"start":{"line":127,"column":12},"end":{"line":130,"column":15}},"44":{"start":{"line":133,"column":24},"end":{"line":133,"column":50}},"45":{"start":{"line":134,"column":29},"end":{"line":134,"column":70}},"46":{"start":{"line":136,"column":8},"end":{"line":136,"column":66}},"47":{"start":{"line":138,"column":8},"end":{"line":141,"column":11}},"48":{"start":{"line":143,"column":8},"end":{"line":143,"column":61}},"49":{"start":{"line":144,"column":8},"end":{"line":148,"column":11}}},"fnMap":{"0":{"name":"(anonymous_0)","decl":{"start":{"line":4,"column":25},"end":{"line":4,"column":26}},"loc":{"start":{"line":4,"column":45},"end":{"line":37,"column":1}},"line":4},"1":{"name":"(anonymous_1)","decl":{"start":{"line":39,"column":28},"end":{"line":39,"column":29}},"loc":{"start":{"line":39,"column":48},"end":{"line":120,"column":1}},"line":39},"2":{"name":"(anonymous_2)","decl":{"start":{"line":122,"column":28},"end":{"line":122,"column":29}},"loc":{"start":{"line":122,"column":48},"end":{"line":150,"column":1}},"line":122}},"branchMap":{"0":{"loc":{"start":{"line":7,"column":22},"end":{"line":7,"column":87}},"type":"cond-expr","locations":[{"start":{"line":7,"column":60},"end":{"line":7,"column":82}},{"start":{"line":7,"column":85},"end":{"line":7,"column":87}}],"line":7},"1":{"loc":{"start":{"line":9,"column":8},"end":{"line":11,"column":9}},"type":"if","locations":[{"start":{"line":9,"column":8},"end":{"line":11,"column":9}},{"start":{},"end":{}}],"line":9},"2":{"loc":{"start":{"line":9,"column":12},"end":{"line":9,"column":29}},"type":"binary-expr","locations":[{"start":{"line":9,"column":12},"end":{"line":9,"column":19}},{"start":{"line":9,"column":23},"end":{"line":9,"column":29}}],"line":9},"3":{"loc":{"start":{"line":14,"column":12},"end":{"line":15,"column":79}},"type":"binary-expr","locations":[{"start":{"line":14,"column":13},"end":{"line":14,"column":77}},{"start":{"line":15,"column":13},"end":{"line":15,"column":78}}],"line":14},"4":{"loc":{"start":{"line":14,"column":13},"end":{"line":14,"column":77}},"type":"cond-expr","locations":[{"start":{"line":14,"column":22},"end":{"line":14,"column":70}},{"start":{"line":14,"column":73},"end":{"line":14,"column":77}}],"line":14},"5":{"loc":{"start":{"line":15,"column":13},"end":{"line":15,"column":78}},"type":"cond-expr","locations":[{"start":{"line":15,"column":21},"end":{"line":15,"column":71}},{"start":{"line":15,"column":74},"end":{"line":15,"column":78}}],"line":15},"6":{"loc":{"start":{"line":17,"column":8},"end":{"line":24,"column":9}},"type":"if","locations":[{"start":{"line":17,"column":8},"end":{"line":24,"column":9}},{"start":{},"end":{}}],"line":17},"7":{"loc":{"start":{"line":51,"column":8},"end":{"line":56,"column":9}},"type":"if","locations":[{"start":{"line":51,"column":8},"end":{"line":56,"column":9}},{"start":{},"end":{}}],"line":51},"8":{"loc":{"start":{"line":51,"column":12},"end":{"line":51,"column":58}},"type":"binary-expr","locations":[{"start":{"line":51,"column":12},"end":{"line":51,"column":16}},{"start":{"line":51,"column":20},"end":{"line":51,"column":29}},{"start":{"line":51,"column":33},"end":{"line":51,"column":39}},{"start":{"line":51,"column":43},"end":{"line":51,"column":48}},{"start":{"line":51,"column":52},"end":{"line":51,"column":58}}],"line":51},"9":{"loc":{"start":{"line":58,"column":8},"end":{"line":63,"column":9}},"type":"if","locations":[{"start":{"line":58,"column":8},"end":{"line":63,"column":9}},{"start":{},"end":{}}],"line":58},"10":{"loc":{"start":{"line":76,"column":8},"end":{"line":102,"column":9}},"type":"if","locations":[{"start":{"line":76,"column":8},"end":{"line":102,"column":9}},{"start":{"line":98,"column":15},"end":{"line":102,"column":9}}],"line":76},"11":{"loc":{"start":{"line":77,"column":12},"end":{"line":82,"column":13}},"type":"if","locations":[{"start":{"line":77,"column":12},"end":{"line":82,"column":13}},{"start":{},"end":{}}],"line":77},"12":{"loc":{"start":{"line":86,"column":12},"end":{"line":91,"column":13}},"type":"if","locations":[{"start":{"line":86,"column":12},"end":{"line":91,"column":13}},{"start":{},"end":{}}],"line":86},"13":{"loc":{"start":{"line":124,"column":27},"end":{"line":124,"column":58}},"type":"binary-expr","locations":[{"start":{"line":124,"column":27},"end":{"line":124,"column":52}},{"start":{"line":124,"column":56},"end":{"line":124,"column":58}}],"line":124},"14":{"loc":{"start":{"line":126,"column":8},"end":{"line":131,"column":9}},"type":"if","locations":[{"start":{"line":126,"column":8},"end":{"line":131,"column":9}},{"start":{},"end":{}}],"line":126}},"s":{"0":1,"1":1,"2":1,"3":7,"4":7,"5":7,"6":7,"7":1,"8":6,"9":5,"10":3,"11":2,"12":1,"13":1,"14":1,"15":7,"16":7,"17":7,"18":1,"19":6,"20":1,"21":5,"22":5,"23":5,"24":5,"25":3,"26":1,"27":2,"28":2,"29":1,"30":1,"31":1,"32":1,"33":1,"34":2,"35":2,"36":2,"37":1,"38":1,"39":1,"40":3,"41":3,"42":3,"43":1,"44":2,"45":2,"46":2,"47":1,"48":1,"49":1},"f":{"0":7,"1":7,"2":3},"b":{"0":[3,4],"1":[1,6],"2":[7,2],"3":[6,4],"4":[5,1],"5":[3,1],"6":[3,2],"7":[1,6],"8":[7,6,6,6,6],"9":[1,5],"10":[3,2],"11":[1,2],"12":[1,1],"13":[3,1],"14":[1,2]},"_coverageSchema":"1a1c01bbd47fc00a2c39e90264f33305004495a9","hash":"a5e012965e14bd0eb62cdb33748af9e5e2d8b2c9"}
,"C:\\Users\\marti\\OneDrive\\Desktop\\Websites\\Projects\\smartClinic\\controllers\\appointmentsController.js": {"path":"C:\\Users\\marti\\OneDrive\\Desktop\\Websites\\Projects\\smartClinic\\controllers\\appointmentsController.js","statementMap":{"0":{"start":{"line":1,"column":101},"end":{"line":1,"column":139}},"1":{"start":{"line":3,"column":0},"end":{"line":18,"column":2}},"2":{"start":{"line":4,"column":4},"end":{"line":17,"column":5}},"3":{"start":{"line":5,"column":24},"end":{"line":5,"column":38}},"4":{"start":{"line":6,"column":25},"end":{"line":6,"column":56}},"5":{"start":{"line":8,"column":8},"end":{"line":10,"column":9}},"6":{"start":{"line":9,"column":12},"end":{"line":9,"column":77}},"7":{"start":{"line":12,"column":22},"end":{"line":12,"column":69}},"8":{"start":{"line":13,"column":8},"end":{"line":13,"column":43}},"9":{"start":{"line":15,"column":8},"end":{"line":15,"column":60}},"10":{"start":{"line":16,"column":8},"end":{"line":16,"column":78}},"11":{"start":{"line":20,"column":0},"end":{"line":46,"column":2}},"12":{"start":{"line":21,"column":4},"end":{"line":45,"column":5}},"13":{"start":{"line":22,"column":101},"end":{"line":22,"column":109}},"14":{"start":{"line":24,"column":8},"end":{"line":26,"column":9}},"15":{"start":{"line":25,"column":12},"end":{"line":25,"column":79}},"16":{"start":{"line":29,"column":8},"end":{"line":32,"column":9}},"17":{"start":{"line":30,"column":12},"end":{"line":30,"column":88}},"18":{"start":{"line":31,"column":12},"end":{"line":31,"column":54}},"19":{"start":{"line":34,"column":31},"end":{"line":34,"column":138}},"20":{"start":{"line":35,"column":8},"end":{"line":35,"column":65}},"21":{"start":{"line":37,"column":8},"end":{"line":37,"column":62}},"22":{"start":{"line":39,"column":8},"end":{"line":42,"column":9}},"23":{"start":{"line":41,"column":12},"end":{"line":41,"column":66}},"24":{"start":{"line":44,"column":8},"end":{"line":44,"column":97}},"25":{"start":{"line":48,"column":0},"end":{"line":62,"column":2}},"26":{"start":{"line":49,"column":4},"end":{"line":61,"column":5}},"27":{"start":{"line":50,"column":26},"end":{"line":50,"column":46}},"28":{"start":{"line":52,"column":8},"end":{"line":54,"column":9}},"29":{"start":{"line":53,"column":12},"end":{"line":53,"column":72}},"30":{"start":{"line":56,"column":29},"end":{"line":56,"column":72}},"31":{"start":{"line":57,"column":8},"end":{"line":57,"column":35}},"32":{"start":{"line":59,"column":8},"end":{"line":59,"column":61}},"33":{"start":{"line":60,"column":8},"end":{"line":60,"column":72}},"34":{"start":{"line":65,"column":0},"end":{"line":94,"column":2}},"35":{"start":{"line":66,"column":4},"end":{"line":93,"column":5}},"36":{"start":{"line":67,"column":30},"end":{"line":67,"column":43}},"37":{"start":{"line":70,"column":8},"end":{"line":75,"column":9}},"38":{"start":{"line":71,"column":12},"end":{"line":74,"column":15}},"39":{"start":{"line":78,"column":23},"end":{"line":78,"column":61}},"40":{"start":{"line":80,"column":8},"end":{"line":83,"column":11}},"41":{"start":{"line":86,"column":8},"end":{"line":86,"column":69}},"42":{"start":{"line":88,"column":8},"end":{"line":92,"column":11}}},"fnMap":{"0":{"name":"(anonymous_0)","decl":{"start":{"line":3,"column":26},"end":{"line":3,"column":27}},"loc":{"start":{"line":3,"column":46},"end":{"line":18,"column":1}},"line":3},"1":{"name":"(anonymous_1)","decl":{"start":{"line":20,"column":26},"end":{"line":20,"column":27}},"loc":{"start":{"line":20,"column":46},"end":{"line":46,"column":1}},"line":20},"2":{"name":"(anonymous_2)","decl":{"start":{"line":48,"column":37},"end":{"line":48,"column":38}},"loc":{"start":{"line":48,"column":57},"end":{"line":62,"column":1}},"line":48},"3":{"name":"(anonymous_3)","decl":{"start":{"line":65,"column":38},"end":{"line":65,"column":39}},"loc":{"start":{"line":65,"column":58},"end":{"line":94,"column":1}},"line":65}},"branchMap":{"0":{"loc":{"start":{"line":6,"column":25},"end":{"line":6,"column":56}},"type":"binary-expr","locations":[{"start":{"line":6,"column":25},"end":{"line":6,"column":43}},{"start":{"line":6,"column":47},"end":{"line":6,"column":56}}],"line":6},"1":{"loc":{"start":{"line":8,"column":8},"end":{"line":10,"column":9}},"type":"if","locations":[{"start":{"line":8,"column":8},"end":{"line":10,"column":9}},{"start":{},"end":{}}],"line":8},"2":{"loc":{"start":{"line":24,"column":8},"end":{"line":26,"column":9}},"type":"if","locations":[{"start":{"line":24,"column":8},"end":{"line":26,"column":9}},{"start":{},"end":{}}],"line":24},"3":{"loc":{"start":{"line":24,"column":12},"end":{"line":24,"column":30}},"type":"binary-expr","locations":[{"start":{"line":24,"column":12},"end":{"line":24,"column":17}},{"start":{"line":24,"column":21},"end":{"line":24,"column":30}}],"line":24},"4":{"loc":{"start":{"line":29,"column":8},"end":{"line":32,"column":9}},"type":"if","locations":[{"start":{"line":29,"column":8},"end":{"line":32,"column":9}},{"start":{},"end":{}}],"line":29},"5":{"loc":{"start":{"line":39,"column":8},"end":{"line":42,"column":9}},"type":"if","locations":[{"start":{"line":39,"column":8},"end":{"line":42,"column":9}},{"start":{},"end":{}}],"line":39},"6":{"loc":{"start":{"line":39,"column":12},"end":{"line":40,"column":60}},"type":"binary-expr","locations":[{"start":{"line":39,"column":12},"end":{"line":39,"column":58}},{"start":{"line":40,"column":12},"end":{"line":40,"column":60}}],"line":39},"7":{"loc":{"start":{"line":52,"column":8},"end":{"line":54,"column":9}},"type":"if","locations":[{"start":{"line":52,"column":8},"end":{"line":54,"column":9}},{"start":{},"end":{}}],"line":52},"8":{"loc":{"start":{"line":70,"column":8},"end":{"line":75,"column":9}},"type":"if","locations":[{"start":{"line":70,"column":8},"end":{"line":75,"column":9}},{"start":{},"end":{}}],"line":70}},"s":{"0":1,"1":1,"2":3,"3":3,"4":3,"5":3,"6":1,"7":2,"8":1,"9":1,"10":1,"11":1,"12":6,"13":6,"14":6,"15":1,"16":5,"17":1,"18":1,"19":5,"20":2,"21":3,"22":3,"23":2,"24":1,"25":1,"26":3,"27":3,"28":3,"29":1,"30":2,"31":1,"32":1,"33":1,"34":1,"35":3,"36":3,"37":3,"38":1,"39":2,"40":1,"41":1,"42":1},"f":{"0":3,"1":6,"2":3,"3":3},"b":{"0":[3,2],"1":[1,2],"2":[1,5],"3":[6,5],"4":[1,4],"5":[2,1],"6":[3,2],"7":[1,2],"8":[1,2]},"_coverageSchema":"1a1c01bbd47fc00a2c39e90264f33305004495a9","hash":"199c9e20f76e321531c519c6e25284ab364973ef"}
,"C:\\Users\\marti\\OneDrive\\Desktop\\Websites\\Projects\\smartClinic\\services\\firebaseService.js": {"path":"C:\\Users\\marti\\OneDrive\\Desktop\\Websites\\Projects\\smartClinic\\services\\firebaseService.js","statementMap":{"0":{"start":{"line":1,"column":22},"end":{"line":1,"column":50}},"1":{"start":{"line":2,"column":23},"end":{"line":2,"column":38}},"2":{"start":{"line":3,"column":30},"end":{"line":3,"column":32}},"3":{"start":{"line":8,"column":31},"end":{"line":58,"column":1}},"4":{"start":{"line":9,"column":18},"end":{"line":9,"column":20}},"5":{"start":{"line":11,"column":4},"end":{"line":22,"column":5}},"6":{"start":{"line":11,"column":20},"end":{"line":11,"column":21}},"7":{"start":{"line":12,"column":22},"end":{"line":12,"column":62}},"8":{"start":{"line":13,"column":20},"end":{"line":13,"column":73}},"9":{"start":{"line":15,"column":8},"end":{"line":21,"column":11}},"10":{"start":{"line":24,"column":4},"end":{"line":57,"column":5}},"11":{"start":{"line":25,"column":23},"end":{"line":28,"column":44}},"12":{"start":{"line":30,"column":8},"end":{"line":32,"column":9}},"13":{"start":{"line":31,"column":12},"end":{"line":31,"column":66}},"14":{"start":{"line":34,"column":25},"end":{"line":34,"column":45}},"15":{"start":{"line":36,"column":8},"end":{"line":36,"column":41}},"16":{"start":{"line":36,"column":28},"end":{"line":36,"column":41}},"17":{"start":{"line":38,"column":8},"end":{"line":51,"column":11}},"18":{"start":{"line":39,"column":32},"end":{"line":39,"column":42}},"19":{"start":{"line":40,"column":25},"end":{"line":40,"column":75}},"20":{"start":{"line":40,"column":43},"end":{"line":40,"column":74}},"21":{"start":{"line":42,"column":12},"end":{"line":50,"column":13}},"22":{"start":{"line":43,"column":16},"end":{"line":43,"column":32}},"23":{"start":{"line":45,"column":16},"end":{"line":49,"column":17}},"24":{"start":{"line":46,"column":20},"end":{"line":46,"column":41}},"25":{"start":{"line":47,"column":23},"end":{"line":49,"column":17}},"26":{"start":{"line":48,"column":20},"end":{"line":48,"column":44}},"27":{"start":{"line":53,"column":8},"end":{"line":53,"column":21}},"28":{"start":{"line":55,"column":8},"end":{"line":55,"column":60}},"29":{"start":{"line":56,"column":8},"end":{"line":56,"column":20}},"30":{"start":{"line":61,"column":26},"end":{"line":118,"column":1}},"31":{"start":{"line":70,"column":4},"end":{"line":117,"column":5}},"32":{"start":{"line":71,"column":32},"end":{"line":71,"column":61}},"33":{"start":{"line":73,"column":8},"end":{"line":83,"column":9}},"34":{"start":{"line":74,"column":38},"end":{"line":78,"column":22}},"35":{"start":{"line":80,"column":12},"end":{"line":82,"column":13}},"36":{"start":{"line":81,"column":16},"end":{"line":81,"column":76}},"37":{"start":{"line":85,"column":28},"end":{"line":88,"column":44}},"38":{"start":{"line":90,"column":8},"end":{"line":92,"column":9}},"39":{"start":{"line":91,"column":12},"end":{"line":91,"column":76}},"40":{"start":{"line":94,"column":33},"end":{"line":94,"column":58}},"41":{"start":{"line":96,"column":8},"end":{"line":98,"column":9}},"42":{"start":{"line":97,"column":12},"end":{"line":97,"column":50}},"43":{"start":{"line":100,"column":31},"end":{"line":109,"column":9}},"44":{"start":{"line":111,"column":23},"end":{"line":111,"column":64}},"45":{"start":{"line":113,"column":8},"end":{"line":113,"column":52}},"46":{"start":{"line":115,"column":8},"end":{"line":115,"column":60}},"47":{"start":{"line":116,"column":8},"end":{"line":116,"column":20}},"48":{"start":{"line":120,"column":35},"end":{"line":141,"column":1}},"49":{"start":{"line":121,"column":4},"end":{"line":140,"column":5}},"50":{"start":{"line":122,"column":25},"end":{"line":125,"column":18}},"51":{"start":{"line":127,"column":29},"end":{"line":127,"column":31}},"52":{"start":{"line":129,"column":8},"end":{"line":134,"column":11}},"53":{"start":{"line":130,"column":12},"end":{"line":133,"column":15}},"54":{"start":{"line":136,"column":8},"end":{"line":136,"column":28}},"55":{"start":{"line":138,"column":8},"end":{"line":138,"column":74}},"56":{"start":{"line":139,"column":8},"end":{"line":139,"column":20}},"57":{"start":{"line":143,"column":25},"end":{"line":147,"column":1}},"58":{"start":{"line":149,"column":33},"end":{"line":149,"column":65}},"59":{"start":{"line":149,"column":43},"end":{"line":149,"column":65}},"60":{"start":{"line":150,"column":25},"end":{"line":150,"column":56}},"61":{"start":{"line":152,"column":27},"end":{"line":164,"column":1}},"62":{"start":{"line":153,"column":24},"end":{"line":153,"column":55}},"63":{"start":{"line":155,"column":4},"end":{"line":161,"column":5}},"64":{"start":{"line":156,"column":20},"end":{"line":156,"column":73}},"65":{"start":{"line":158,"column":8},"end":{"line":160,"column":9}},"66":{"start":{"line":159,"column":12},"end":{"line":159,"column":30}},"67":{"start":{"line":163,"column":4},"end":{"line":163,"column":16}},"68":{"start":{"line":166,"column":26},"end":{"line":185,"column":1}},"69":{"start":{"line":167,"column":26},"end":{"line":167,"column":34}},"70":{"start":{"line":168,"column":27},"end":{"line":168,"column":57}},"71":{"start":{"line":170,"column":4},"end":{"line":172,"column":5}},"72":{"start":{"line":171,"column":8},"end":{"line":171,"column":44}},"73":{"start":{"line":174,"column":24},"end":{"line":182,"column":5}},"74":{"start":{"line":184,"column":4},"end":{"line":184,"column":66}},"75":{"start":{"line":187,"column":30},"end":{"line":207,"column":1}},"76":{"start":{"line":188,"column":25},"end":{"line":188,"column":51}},"77":{"start":{"line":190,"column":4},"end":{"line":192,"column":5}},"78":{"start":{"line":191,"column":8},"end":{"line":191,"column":20}},"79":{"start":{"line":194,"column":24},"end":{"line":194,"column":55}},"80":{"start":{"line":196,"column":4},"end":{"line":204,"column":5}},"81":{"start":{"line":197,"column":25},"end":{"line":199,"column":18}},"82":{"start":{"line":201,"column":8},"end":{"line":203,"column":9}},"83":{"start":{"line":202,"column":12},"end":{"line":202,"column":43}},"84":{"start":{"line":206,"column":4},"end":{"line":206,"column":16}},"85":{"start":{"line":216,"column":26},"end":{"line":237,"column":1}},"86":{"start":{"line":217,"column":4},"end":{"line":236,"column":5}},"87":{"start":{"line":218,"column":27},"end":{"line":218,"column":75}},"88":{"start":{"line":220,"column":27},"end":{"line":220,"column":49}},"89":{"start":{"line":222,"column":8},"end":{"line":224,"column":9}},"90":{"start":{"line":223,"column":12},"end":{"line":223,"column":49}},"91":{"start":{"line":226,"column":8},"end":{"line":229,"column":11}},"92":{"start":{"line":231,"column":8},"end":{"line":231,"column":76}},"93":{"start":{"line":234,"column":8},"end":{"line":234,"column":58}},"94":{"start":{"line":235,"column":8},"end":{"line":235,"column":20}},"95":{"start":{"line":244,"column":26},"end":{"line":252,"column":1}},"96":{"start":{"line":245,"column":21},"end":{"line":249,"column":14}},"97":{"start":{"line":251,"column":4},"end":{"line":251,"column":27}},"98":{"start":{"line":255,"column":21},"end":{"line":278,"column":1}},"99":{"start":{"line":256,"column":17},"end":{"line":256,"column":64}},"100":{"start":{"line":258,"column":4},"end":{"line":275,"column":7}},"101":{"start":{"line":277,"column":4},"end":{"line":277,"column":50}},"102":{"start":{"line":282,"column":33},"end":{"line":292,"column":1}},"103":{"start":{"line":283,"column":21},"end":{"line":287,"column":14}},"104":{"start":{"line":289,"column":4},"end":{"line":289,"column":36}},"105":{"start":{"line":289,"column":24},"end":{"line":289,"column":36}},"106":{"start":{"line":291,"column":4},"end":{"line":291,"column":31}},"107":{"start":{"line":295,"column":20},"end":{"line":300,"column":1}},"108":{"start":{"line":296,"column":4},"end":{"line":299,"column":7}},"109":{"start":{"line":333,"column":31},"end":{"line":345,"column":1}},"110":{"start":{"line":334,"column":33},"end":{"line":336,"column":14}},"111":{"start":{"line":338,"column":4},"end":{"line":340,"column":5}},"112":{"start":{"line":339,"column":8},"end":{"line":339,"column":15}},"113":{"start":{"line":342,"column":4},"end":{"line":344,"column":6}},"114":{"start":{"line":343,"column":47},"end":{"line":343,"column":63}},"115":{"start":{"line":347,"column":28},"end":{"line":364,"column":1}},"116":{"start":{"line":348,"column":28},"end":{"line":350,"column":14}},"117":{"start":{"line":352,"column":4},"end":{"line":354,"column":5}},"118":{"start":{"line":353,"column":8},"end":{"line":353,"column":15}},"119":{"start":{"line":356,"column":4},"end":{"line":363,"column":6}},"120":{"start":{"line":358,"column":12},"end":{"line":361,"column":14}},"121":{"start":{"line":386,"column":32},"end":{"line":392,"column":1}},"122":{"start":{"line":387,"column":4},"end":{"line":391,"column":6}},"123":{"start":{"line":389,"column":12},"end":{"line":389,"column":59}},"124":{"start":{"line":394,"column":26},"end":{"line":410,"column":1}},"125":{"start":{"line":395,"column":20},"end":{"line":395,"column":49}},"126":{"start":{"line":397,"column":4},"end":{"line":399,"column":5}},"127":{"start":{"line":398,"column":8},"end":{"line":398,"column":39}},"128":{"start":{"line":405,"column":4},"end":{"line":405,"column":38}},"129":{"start":{"line":406,"column":4},"end":{"line":406,"column":39}},"130":{"start":{"line":407,"column":4},"end":{"line":407,"column":39}},"131":{"start":{"line":409,"column":4},"end":{"line":409,"column":19}},"132":{"start":{"line":412,"column":0},"end":{"line":425,"column":2}}},"fnMap":{"0":{"name":"(anonymous_0)","decl":{"start":{"line":8,"column":31},"end":{"line":8,"column":32}},"loc":{"start":{"line":8,"column":60},"end":{"line":58,"column":1}},"line":8},"1":{"name":"(anonymous_1)","decl":{"start":{"line":38,"column":25},"end":{"line":38,"column":26}},"loc":{"start":{"line":38,"column":34},"end":{"line":51,"column":9}},"line":38},"2":{"name":"(anonymous_2)","decl":{"start":{"line":40,"column":36},"end":{"line":40,"column":37}},"loc":{"start":{"line":40,"column":43},"end":{"line":40,"column":74}},"line":40},"3":{"name":"(anonymous_3)","decl":{"start":{"line":61,"column":26},"end":{"line":61,"column":27}},"loc":{"start":{"line":69,"column":5},"end":{"line":118,"column":1}},"line":69},"4":{"name":"(anonymous_4)","decl":{"start":{"line":120,"column":35},"end":{"line":120,"column":36}},"loc":{"start":{"line":120,"column":56},"end":{"line":141,"column":1}},"line":120},"5":{"name":"(anonymous_5)","decl":{"start":{"line":129,"column":25},"end":{"line":129,"column":26}},"loc":{"start":{"line":129,"column":34},"end":{"line":134,"column":9}},"line":129},"6":{"name":"(anonymous_6)","decl":{"start":{"line":149,"column":33},"end":{"line":149,"column":34}},"loc":{"start":{"line":149,"column":43},"end":{"line":149,"column":65}},"line":149},"7":{"name":"(anonymous_7)","decl":{"start":{"line":152,"column":27},"end":{"line":152,"column":28}},"loc":{"start":{"line":152,"column":45},"end":{"line":164,"column":1}},"line":152},"8":{"name":"(anonymous_8)","decl":{"start":{"line":166,"column":26},"end":{"line":166,"column":27}},"loc":{"start":{"line":166,"column":61},"end":{"line":185,"column":1}},"line":166},"9":{"name":"(anonymous_9)","decl":{"start":{"line":187,"column":30},"end":{"line":187,"column":31}},"loc":{"start":{"line":187,"column":47},"end":{"line":207,"column":1}},"line":187},"10":{"name":"(anonymous_10)","decl":{"start":{"line":216,"column":26},"end":{"line":216,"column":27}},"loc":{"start":{"line":216,"column":50},"end":{"line":237,"column":1}},"line":216},"11":{"name":"(anonymous_11)","decl":{"start":{"line":244,"column":26},"end":{"line":244,"column":27}},"loc":{"start":{"line":244,"column":57},"end":{"line":252,"column":1}},"line":244},"12":{"name":"(anonymous_12)","decl":{"start":{"line":255,"column":21},"end":{"line":255,"column":22}},"loc":{"start":{"line":255,"column":62},"end":{"line":278,"column":1}},"line":255},"13":{"name":"(anonymous_13)","decl":{"start":{"line":282,"column":33},"end":{"line":282,"column":34}},"loc":{"start":{"line":282,"column":54},"end":{"line":292,"column":1}},"line":282},"14":{"name":"(anonymous_14)","decl":{"start":{"line":295,"column":20},"end":{"line":295,"column":21}},"loc":{"start":{"line":295,"column":45},"end":{"line":300,"column":1}},"line":295},"15":{"name":"(anonymous_15)","decl":{"start":{"line":333,"column":31},"end":{"line":333,"column":32}},"loc":{"start":{"line":333,"column":46},"end":{"line":345,"column":1}},"line":333},"16":{"name":"(anonymous_16)","decl":{"start":{"line":343,"column":38},"end":{"line":343,"column":39}},"loc":{"start":{"line":343,"column":47},"end":{"line":343,"column":63}},"line":343},"17":{"name":"(anonymous_17)","decl":{"start":{"line":347,"column":28},"end":{"line":347,"column":29}},"loc":{"start":{"line":347,"column":43},"end":{"line":364,"column":1}},"line":347},"18":{"name":"(anonymous_18)","decl":{"start":{"line":357,"column":33},"end":{"line":357,"column":34}},"loc":{"start":{"line":358,"column":12},"end":{"line":361,"column":14}},"line":358},"19":{"name":"(anonymous_19)","decl":{"start":{"line":386,"column":32},"end":{"line":386,"column":33}},"loc":{"start":{"line":386,"column":47},"end":{"line":392,"column":1}},"line":386},"20":{"name":"(anonymous_20)","decl":{"start":{"line":388,"column":29},"end":{"line":388,"column":30}},"loc":{"start":{"line":389,"column":12},"end":{"line":389,"column":59}},"line":389},"21":{"name":"(anonymous_21)","decl":{"start":{"line":394,"column":26},"end":{"line":394,"column":27}},"loc":{"start":{"line":394,"column":41},"end":{"line":410,"column":1}},"line":394}},"branchMap":{"0":{"loc":{"start":{"line":30,"column":8},"end":{"line":32,"column":9}},"type":"if","locations":[{"start":{"line":30,"column":8},"end":{"line":32,"column":9}},{"start":{},"end":{}}],"line":30},"1":{"loc":{"start":{"line":30,"column":12},"end":{"line":30,"column":46}},"type":"binary-expr","locations":[{"start":{"line":30,"column":12},"end":{"line":30,"column":20}},{"start":{"line":30,"column":24},"end":{"line":30,"column":46}}],"line":30},"2":{"loc":{"start":{"line":36,"column":8},"end":{"line":36,"column":41}},"type":"if","locations":[{"start":{"line":36,"column":8},"end":{"line":36,"column":41}},{"start":{},"end":{}}],"line":36},"3":{"loc":{"start":{"line":42,"column":12},"end":{"line":50,"column":13}},"type":"if","locations":[{"start":{"line":42,"column":12},"end":{"line":50,"column":13}},{"start":{},"end":{}}],"line":42},"4":{"loc":{"start":{"line":45,"column":16},"end":{"line":49,"column":17}},"type":"if","locations":[{"start":{"line":45,"column":16},"end":{"line":49,"column":17}},{"start":{"line":47,"column":23},"end":{"line":49,"column":17}}],"line":45},"5":{"loc":{"start":{"line":47,"column":23},"end":{"line":49,"column":17}},"type":"if","locations":[{"start":{"line":47,"column":23},"end":{"line":49,"column":17}},{"start":{},"end":{}}],"line":47},"6":{"loc":{"start":{"line":68,"column":4},"end":{"line":68,"column":24}},"type":"default-arg","locations":[{"start":{"line":68,"column":19},"end":{"line":68,"column":24}}],"line":68},"7":{"loc":{"start":{"line":73,"column":8},"end":{"line":83,"column":9}},"type":"if","locations":[{"start":{"line":73,"column":8},"end":{"line":83,"column":9}},{"start":{},"end":{}}],"line":73},"8":{"loc":{"start":{"line":80,"column":12},"end":{"line":82,"column":13}},"type":"if","locations":[{"start":{"line":80,"column":12},"end":{"line":82,"column":13}},{"start":{},"end":{}}],"line":80},"9":{"loc":{"start":{"line":90,"column":8},"end":{"line":92,"column":9}},"type":"if","locations":[{"start":{"line":90,"column":8},"end":{"line":92,"column":9}},{"start":{},"end":{}}],"line":90},"10":{"loc":{"start":{"line":90,"column":12},"end":{"line":90,"column":46}},"type":"binary-expr","locations":[{"start":{"line":90,"column":12},"end":{"line":90,"column":20}},{"start":{"line":90,"column":24},"end":{"line":90,"column":46}}],"line":90},"11":{"loc":{"start":{"line":96,"column":8},"end":{"line":98,"column":9}},"type":"if","locations":[{"start":{"line":96,"column":8},"end":{"line":98,"column":9}},{"start":{},"end":{}}],"line":96},"12":{"loc":{"start":{"line":101,"column":22},"end":{"line":101,"column":43}},"type":"binary-expr","locations":[{"start":{"line":101,"column":22},"end":{"line":101,"column":30}},{"start":{"line":101,"column":34},"end":{"line":101,"column":43}}],"line":101},"13":{"loc":{"start":{"line":102,"column":24},"end":{"line":102,"column":54}},"type":"binary-expr","locations":[{"start":{"line":102,"column":24},"end":{"line":102,"column":34}},{"start":{"line":102,"column":38},"end":{"line":102,"column":54}}],"line":102},"14":{"loc":{"start":{"line":103,"column":27},"end":{"line":103,"column":49}},"type":"binary-expr","locations":[{"start":{"line":103,"column":27},"end":{"line":103,"column":40}},{"start":{"line":103,"column":44},"end":{"line":103,"column":49}}],"line":103},"15":{"loc":{"start":{"line":158,"column":8},"end":{"line":160,"column":9}},"type":"if","locations":[{"start":{"line":158,"column":8},"end":{"line":160,"column":9}},{"start":{},"end":{}}],"line":158},"16":{"loc":{"start":{"line":166,"column":43},"end":{"line":166,"column":56}},"type":"default-arg","locations":[{"start":{"line":166,"column":54},"end":{"line":166,"column":56}}],"line":166},"17":{"loc":{"start":{"line":170,"column":4},"end":{"line":172,"column":5}},"type":"if","locations":[{"start":{"line":170,"column":4},"end":{"line":172,"column":5}},{"start":{},"end":{}}],"line":170},"18":{"loc":{"start":{"line":188,"column":32},"end":{"line":188,"column":43}},"type":"binary-expr","locations":[{"start":{"line":188,"column":32},"end":{"line":188,"column":37}},{"start":{"line":188,"column":41},"end":{"line":188,"column":43}}],"line":188},"19":{"loc":{"start":{"line":190,"column":4},"end":{"line":192,"column":5}},"type":"if","locations":[{"start":{"line":190,"column":4},"end":{"line":192,"column":5}},{"start":{},"end":{}}],"line":190},"20":{"loc":{"start":{"line":201,"column":8},"end":{"line":203,"column":9}},"type":"if","locations":[{"start":{"line":201,"column":8},"end":{"line":203,"column":9}},{"start":{},"end":{}}],"line":201},"21":{"loc":{"start":{"line":222,"column":8},"end":{"line":224,"column":9}},"type":"if","locations":[{"start":{"line":222,"column":8},"end":{"line":224,"column":9}},{"start":{},"end":{}}],"line":222},"22":{"loc":{"start":{"line":289,"column":4},"end":{"line":289,"column":36}},"type":"if","locations":[{"start":{"line":289,"column":4},"end":{"line":289,"column":36}},{"start":{},"end":{}}],"line":289},"23":{"loc":{"start":{"line":338,"column":4},"end":{"line":340,"column":5}},"type":"if","locations":[{"start":{"line":338,"column":4},"end":{"line":340,"column":5}},{"start":{},"end":{}}],"line":338},"24":{"loc":{"start":{"line":352,"column":4},"end":{"line":354,"column":5}},"type":"if","locations":[{"start":{"line":352,"column":4},"end":{"line":354,"column":5}},{"start":{},"end":{}}],"line":352},"25":{"loc":{"start":{"line":397,"column":4},"end":{"line":399,"column":5}},"type":"if","locations":[{"start":{"line":397,"column":4},"end":{"line":399,"column":5}},{"start":{},"end":{}}],"line":397}},"s":{"0":3,"1":3,"2":3,"3":3,"4":3,"5":3,"6":3,"7":72,"8":72,"9":72,"10":3,"11":3,"12":3,"13":1,"14":3,"15":2,"16":1,"17":1,"18":18,"19":18,"20":204,"21":18,"22":17,"23":17,"24":1,"25":16,"26":4,"27":1,"28":1,"29":1,"30":3,"31":4,"32":4,"33":4,"34":3,"35":3,"36":1,"37":3,"38":3,"39":2,"40":3,"41":3,"42":1,"43":2,"44":2,"45":2,"46":2,"47":2,"48":3,"49":3,"50":3,"51":2,"52":2,"53":2,"54":2,"55":1,"56":1,"57":3,"58":3,"59":2,"60":3,"61":3,"62":6,"63":6,"64":10,"65":10,"66":5,"67":1,"68":3,"69":2,"70":2,"71":2,"72":1,"73":1,"74":1,"75":3,"76":4,"77":4,"78":1,"79":3,"80":3,"81":5,"82":5,"83":2,"84":1,"85":3,"86":2,"87":2,"88":2,"89":2,"90":1,"91":1,"92":1,"93":1,"94":1,"95":3,"96":2,"97":2,"98":3,"99":1,"100":1,"101":1,"102":3,"103":2,"104":2,"105":1,"106":1,"107":3,"108":1,"109":3,"110":3,"111":3,"112":2,"113":1,"114":1,"115":3,"116":2,"117":2,"118":1,"119":1,"120":1,"121":3,"122":3,"123":6,"124":3,"125":3,"126":3,"127":2,"128":3,"129":3,"130":3,"131":3,"132":3},"f":{"0":3,"1":18,"2":204,"3":4,"4":3,"5":2,"6":2,"7":6,"8":2,"9":4,"10":2,"11":2,"12":1,"13":2,"14":1,"15":3,"16":1,"17":2,"18":1,"19":3,"20":6,"21":3},"b":{"0":[1,2],"1":[3,3],"2":[1,1],"3":[17,1],"4":[1,16],"5":[4,12],"6":[3],"7":[3,1],"8":[1,2],"9":[2,1],"10":[3,2],"11":[1,2],"12":[2,1],"13":[2,1],"14":[2,1],"15":[5,5],"16":[1],"17":[1,1],"18":[4,1],"19":[1,3],"20":[2,3],"21":[1,1],"22":[1,1],"23":[2,1],"24":[1,1],"25":[2,1]},"_coverageSchema":"1a1c01bbd47fc00a2c39e90264f33305004495a9","hash":"519e32f701030101536047d6ad5e77ccb415637e"}
,"C:\\Users\\marti\\OneDrive\\Desktop\\Websites\\Projects\\smartClinic\\services\\config\\firebase.js": {"path":"C:\\Users\\marti\\OneDrive\\Desktop\\Websites\\Projects\\smartClinic\\services\\config\\firebase.js","statementMap":{"0":{"start":{"line":1,"column":14},"end":{"line":1,"column":39}},"1":{"start":{"line":3,"column":27},"end":{"line":41,"column":5}},"2":{"start":{"line":43,"column":4},"end":{"line":45,"column":7}},"3":{"start":{"line":47,"column":11},"end":{"line":47,"column":28}},"4":{"start":{"line":49,"column":0},"end":{"line":49,"column":31}}},"fnMap":{},"branchMap":{},"s":{"0":1,"1":1,"2":1,"3":1,"4":1},"f":{},"b":{},"_coverageSchema":"1a1c01bbd47fc00a2c39e90264f33305004495a9","hash":"0abff1ceb171d9cf6cd0afeb80507f384aecb6f1"}
}
