TN:
SF:controllers\UserController.js
FN:4,(anonymous_0)
FN:37,(anonymous_1)
FN:74,(anonymous_2)
FNF:3
FNH:1
FNDA:0,(anonymous_0)
FNDA:0,(anonymous_1)
FNDA:6,(anonymous_2)
DA:1,1
DA:2,1
DA:4,1
DA:5,0
DA:6,0
DA:8,0
DA:9,0
DA:12,0
DA:14,0
DA:15,0
DA:22,0
DA:28,0
DA:29,0
DA:35,1
DA:37,1
DA:38,0
DA:39,0
DA:41,0
DA:42,0
DA:48,0
DA:58,0
DA:60,0
DA:65,0
DA:66,0
DA:74,1
DA:75,6
DA:76,6
DA:78,6
DA:79,4
DA:85,2
DA:94,2
DA:96,1
DA:101,1
DA:102,1
LF:34
LH:15
BRDA:8,0,0,0
BRDA:8,0,1,0
BRDA:14,1,0,0
BRDA:14,1,1,0
BRDA:41,2,0,0
BRDA:41,2,1,0
BRDA:41,3,0,0
BRDA:41,3,1,0
BRDA:41,3,2,0
BRDA:41,3,3,0
BRDA:41,3,4,0
BRDA:54,4,0,0
BRDA:54,4,1,0
BRDA:78,5,0,4
BRDA:78,5,1,2
BRDA:78,6,0,6
BRDA:78,6,1,5
BRDA:78,6,2,4
BRDA:78,6,3,3
BRF:19
BRH:6
end_of_record
TN:
SF:controllers\appointmentsController.js
FN:3,(anonymous_0)
FN:20,(anonymous_1)
FN:48,(anonymous_2)
FN:65,(anonymous_3)
FNF:4
FNH:4
FNDA:4,(anonymous_0)
FNDA:6,(anonymous_1)
FNDA:3,(anonymous_2)
FNDA:3,(anonymous_3)
DA:1,1
DA:3,1
DA:4,4
DA:5,4
DA:6,4
DA:8,4
DA:9,1
DA:12,3
DA:13,2
DA:15,1
DA:16,1
DA:20,1
DA:21,6
DA:22,6
DA:24,6
DA:25,1
DA:29,5
DA:30,1
DA:31,1
DA:34,5
DA:35,2
DA:37,3
DA:39,3
DA:41,2
DA:44,1
DA:48,1
DA:49,3
DA:50,3
DA:52,3
DA:53,1
DA:56,2
DA:57,1
DA:59,1
DA:60,1
DA:65,1
DA:66,3
DA:67,3
DA:70,3
DA:71,1
DA:78,2
DA:80,1
DA:86,1
DA:88,1
LF:43
LH:43
BRDA:6,0,0,4
BRDA:6,0,1,2
BRDA:8,1,0,1
BRDA:8,1,1,3
BRDA:24,2,0,1
BRDA:24,2,1,5
BRDA:24,3,0,6
BRDA:24,3,1,5
BRDA:29,4,0,1
BRDA:29,4,1,4
BRDA:39,5,0,2
BRDA:39,5,1,1
BRDA:39,6,0,3
BRDA:39,6,1,2
BRDA:52,7,0,1
BRDA:52,7,1,2
BRDA:70,8,0,1
BRDA:70,8,1,2
BRF:18
BRH:18
end_of_record
TN:
SF:services\firebaseService.js
FN:7,(anonymous_0)
FN:37,(anonymous_1)
FN:39,(anonymous_2)
FN:60,(anonymous_3)
FN:119,(anonymous_4)
FN:128,(anonymous_5)
FN:145,(anonymous_6)
FN:161,(anonymous_7)
FN:184,(anonymous_8)
FNF:9
FNH:0
FNDA:0,(anonymous_0)
FNDA:0,(anonymous_1)
FNDA:0,(anonymous_2)
FNDA:0,(anonymous_3)
FNDA:0,(anonymous_4)
FNDA:0,(anonymous_5)
FNDA:0,(anonymous_6)
FNDA:0,(anonymous_7)
FNDA:0,(anonymous_8)
DA:1,2
DA:2,2
DA:7,2
DA:8,5
DA:10,5
DA:11,120
DA:12,120
DA:14,120
DA:23,5
DA:24,5
DA:29,5
DA:30,4
DA:33,5
DA:35,4
DA:37,2
DA:38,22
DA:39,220
DA:41,22
DA:42,22
DA:44,22
DA:45,11
DA:46,11
DA:47,3
DA:52,2
DA:54,1
DA:55,1
DA:60,2
DA:69,6
DA:70,6
DA:72,6
DA:73,5
DA:79,4
DA:80,1
DA:84,4
DA:89,4
DA:90,3
DA:93,4
DA:95,4
DA:96,1
DA:99,3
DA:110,3
DA:112,3
DA:114,3
DA:115,3
DA:119,2
DA:120,0
DA:121,0
DA:126,0
DA:128,0
DA:129,0
DA:135,0
DA:137,0
DA:138,0
DA:145,2
DA:146,0
DA:147,0
DA:149,0
DA:151,0
DA:153,0
DA:154,0
DA:161,2
DA:162,4
DA:163,4
DA:165,4
DA:167,3
DA:168,1
DA:171,2
DA:176,1
DA:179,3
DA:180,3
DA:184,2
DA:185,0
DA:186,0
DA:190,2
LF:74
LH:9
BRDA:29,0,0,0
BRDA:29,0,1,0
BRDA:29,1,0,0
BRDA:29,1,1,0
BRDA:35,2,0,0
BRDA:35,2,1,0
BRDA:41,3,0,0
BRDA:41,3,1,0
BRDA:44,4,0,11
BRDA:44,4,1,11
BRDA:46,5,0,3
BRDA:46,5,1,8
BRDA:67,6,0,5
BRDA:72,7,0,5
BRDA:72,7,1,1
BRDA:79,8,0,1
BRDA:79,8,1,3
BRDA:89,9,0,3
BRDA:89,9,1,1
BRDA:89,10,0,4
BRDA:89,10,1,4
BRDA:95,11,0,1
BRDA:95,11,1,3
BRDA:100,12,0,3
BRDA:100,12,1,0
BRDA:101,13,0,3
BRDA:101,13,1,1
BRDA:102,14,0,3
BRDA:102,14,1,1
BRDA:149,15,0,0
BRDA:149,15,1,0
BRDA:167,16,0,1
BRDA:167,16,1,2
BRF:33
BRH:29
end_of_record
TN:
SF:services\config\firebase.js
FNF:0
FNH:0
DA:1,2
DA:3,2
DA:43,2
DA:47,2
DA:49,2
LF:5
LH:5
BRF:0
BRH:0
end_of_record
